Log file open, 11/09/19 10:58:16
LogWindows: Failed to load 'aqProf.dll' (GetLastError=126)
LogWindows: File 'aqProf.dll' does not exist
LogWindows: Failed to load 'VtuneApi.dll' (GetLastError=126)
LogWindows: File 'VtuneApi.dll' does not exist
LogWindows: Failed to load 'VtuneApi32e.dll' (GetLastError=126)
LogWindows: File 'VtuneApi32e.dll' does not exist
LogConsoleResponse: Display: Failed to find resolution value strings in scalability ini. Falling back to default.
LogInit: Display: Running engine for game: Ruler
LogPlatformFile: Not using cached read wrapper
LogTaskGraph: Started task graph with 5 named threads and 35 total threads with 3 sets of task threads.
LogStats: Stats thread started at 0.159504
LogD3D11RHI: Loaded GFSDK_Aftermath_Lib.x64.dll
LogICUInternationalization: ICU TimeZone Detection - Raw Offset: +1:00, Platform Override: ''
LogPluginManager: Mounting plugin Paper2D
LogPluginManager: Mounting plugin AISupport
LogPluginManager: Mounting plugin LightPropagationVolume
LogPluginManager: Mounting plugin ActorLayerUtilities
LogPluginManager: Mounting plugin AnimationSharing
LogPluginManager: Mounting plugin CLionSourceCodeAccess
LogPluginManager: Mounting plugin CodeLiteSourceCodeAccess
LogPluginManager: Mounting plugin GitSourceControl
LogPluginManager: Mounting plugin KDevelopSourceCodeAccess
LogPluginManager: Mounting plugin NullSourceCodeAccess
LogPluginManager: Mounting plugin PerforceSourceControl
LogPluginManager: Mounting plugin SubversionSourceControl
LogPluginManager: Mounting plugin UObjectPlugin
LogPluginManager: Mounting plugin VisualStudioCodeSourceCodeAccess
LogPluginManager: Mounting plugin VisualStudioSourceCodeAccess
LogPluginManager: Mounting plugin XCodeSourceCodeAccess
LogPluginManager: Mounting plugin AssetManagerEditor
LogPluginManager: Mounting plugin CryptoKeys
LogPluginManager: Mounting plugin CurveEditorTools
LogPluginManager: Mounting plugin DataValidation
LogPluginManager: Mounting plugin EditorScriptingUtilities
LogPluginManager: Mounting plugin FacialAnimation
LogPluginManager: Mounting plugin GameplayTagsEditor
LogPluginManager: Mounting plugin MacGraphicsSwitching
LogPluginManager: Mounting plugin MaterialAnalyzer
LogPluginManager: Mounting plugin MobileLauncherProfileWizard
LogPluginManager: Mounting plugin PluginBrowser
LogPluginManager: Mounting plugin SpeedTreeImporter
LogPluginManager: Mounting plugin DatasmithContent
LogPluginManager: Mounting plugin VariantManagerContent
LogPluginManager: Mounting plugin AlembicImporter
LogPluginManager: Mounting plugin AutomationUtils
LogPluginManager: Mounting plugin BackChannel
LogPluginManager: Mounting plugin BlueprintStats
LogPluginManager: Mounting plugin CharacterAI
LogPluginManager: Mounting plugin GeometryCache
LogPluginManager: Mounting plugin HTML5Networking
LogPluginManager: Mounting plugin PlatformCrypto
LogPluginManager: Mounting plugin ProxyLODPlugin
LogPluginManager: Mounting plugin PythonScriptPlugin
LogPluginManager: Mounting plugin SkeletalReduction
LogPluginManager: Mounting plugin MagicLeap
LogPluginManager: Mounting plugin MagicLeapMedia
LogPluginManager: Mounting plugin FactionsExtension
LogPluginManager: Mounting plugin AndroidMedia
LogPluginManager: Mounting plugin AvfMedia
LogPluginManager: Mounting plugin ImgMedia
LogPluginManager: Mounting plugin MediaCompositing
LogPluginManager: Mounting plugin MediaPlayerEditor
LogPluginManager: Mounting plugin WebMMedia
LogPluginManager: Mounting plugin WmfMedia
LogPluginManager: Mounting plugin TcpMessaging
LogPluginManager: Mounting plugin UdpMessaging
LogPluginManager: Mounting plugin ActorSequence
LogPluginManager: Mounting plugin LevelSequenceEditor
LogPluginManager: Mounting plugin MatineeToLevelSequence
LogPluginManager: Mounting plugin NetcodeUnitTest
LogPluginManager: Mounting plugin NUTUnrealEngine4
LogPluginManager: Mounting plugin OnlineSubsystemGooglePlay
LogPluginManager: Mounting plugin OnlineSubsystemIOS
LogPluginManager: Mounting plugin OnlineSubsystem
LogPluginManager: Mounting plugin OnlineSubsystemNull
LogPluginManager: Mounting plugin OnlineSubsystemSteam
LogPluginManager: Mounting plugin OnlineSubsystemUtils
LogPluginManager: Mounting plugin PerformanceMonitor
LogPluginManager: Mounting plugin LauncherChunkInstaller
LogPluginManager: Mounting plugin AndroidDeviceProfileSelector
LogPluginManager: Mounting plugin AndroidMoviePlayer
LogPluginManager: Mounting plugin AndroidPermission
LogPluginManager: Mounting plugin AppleImageUtils
LogPluginManager: Mounting plugin AppleMoviePlayer
LogPluginManager: Mounting plugin ArchVisCharacter
LogPluginManager: Mounting plugin AudioCapture
LogPluginManager: Mounting plugin CableComponent
LogPluginManager: Mounting plugin CustomMeshComponent
LogPluginManager: Mounting plugin EditableMesh
LogPluginManager: Mounting plugin ExampleDeviceProfileSelector
LogPluginManager: Mounting plugin GoogleCloudMessaging
LogPluginManager: Mounting plugin IOSDeviceProfileSelector
LogPluginManager: Mounting plugin LinuxDeviceProfileSelector
LogPluginManager: Mounting plugin LocationServicesBPLibrary
LogPluginManager: Mounting plugin MobilePatchingUtils
LogPluginManager: Mounting plugin OculusVR
LogPluginManager: Mounting plugin PhysXVehicles
LogPluginManager: Mounting plugin ProceduralMeshComponent
LogPluginManager: Mounting plugin RuntimePhysXCooking
LogPluginManager: Mounting plugin SignificanceManager
LogPluginManager: Mounting plugin SteamVR
LogPluginManager: Mounting plugin WebMMoviePlayer
LogPluginManager: Mounting plugin WindowsMoviePlayer
LogPluginManager: Mounting plugin ScreenshotTools
LogPluginManager: Mounting plugin AdvancedSessions
LogPluginManager: Mounting plugin AdvancedSteamSessions
LogInit: Using libcurl 7.55.1-DEV
LogInit:  - built for x86_64-pc-win32
LogInit:  - supports SSL with OpenSSL/1.1.1
LogInit:  - supports HTTP deflate (compression) using libz 1.2.8
LogInit:  - other features:
LogInit:      CURL_VERSION_SSL
LogInit:      CURL_VERSION_LIBZ
LogInit:      CURL_VERSION_IPV6
LogInit:      CURL_VERSION_ASYNCHDNS
LogInit:      CURL_VERSION_LARGEFILE
LogInit:      CURL_VERSION_IDN
LogInit:  CurlRequestOptions (configurable via config and command line):
LogInit:  - bVerifyPeer = true  - Libcurl will verify peer certificate
LogInit:  - bUseHttpProxy = false  - Libcurl will NOT use HTTP proxy
LogInit:  - bDontReuseConnections = false  - Libcurl will reuse connections
LogInit:  - MaxHostConnections = 16  - Libcurl will limit the number of connections to a host
LogInit:  - LocalHostAddr = Default
LogInit:  - BufferSize = 65536
LogOnline: Display: STEAM: Loading Steam SDK 1.42
LogOnline: OSS: Creating online subsystem instance for: Steam
LogOnline: Display: STEAM: OnlineSubsystemSteam::Shutdown()
LogOnline: OSS: Unable to create OnlineSubsystem module Steam
LogOnline: OSS: Creating online subsystem instance for: NULL
LogInit: WinSock: version 1.1 (2.2), MaxSocks=32767, MaxUdp=65467
LogInit: Build: ++UE4+Release-4.23-CL-9631420
LogInit: Engine Version: 4.23.1-9631420+++UE4+Release-4.23
LogInit: Compatible Engine Version: 4.23.0-8386587+++UE4+Release-4.23
LogInit: Net CL: 8386587
LogInit: OS: Windows 10 (Release 1903) (), CPU: Intel(R) Core(TM) i7-8750H CPU @ 2.20GHz, GPU: Intel(R) UHD Graphics 630
LogInit: Compiled (64-bit): Oct 18 2019 02:07:44
LogInit: Compiled with Visual C++: 19.16.27030.01
LogInit: Build Configuration: Development
LogInit: Branch Name: ++UE4+Release-4.23
LogInit: Command Line: 
LogInit: Base Directory: C:/Program Files/Epic Games/UE_4.23/Engine/Binaries/Win64/
LogInit: Installed Engine Build: 1
LogDevObjectVersion: Number of dev versions registered: 23
LogDevObjectVersion:   Dev-Blueprints (B0D832E4-1F89-4F0D-ACCF-7EB736FD4AA2): 10
LogDevObjectVersion:   Dev-Build (E1C64328-A22C-4D53-A36C-8E866417BD8C): 0
LogDevObjectVersion:   Dev-Core (375EC13C-06E4-48FB-B500-84F0262A717E): 3
LogDevObjectVersion:   Dev-Editor (E4B068ED-F494-42E9-A231-DA0B2E46BB41): 34
LogDevObjectVersion:   Dev-Framework (CFFC743F-43B0-4480-9391-14DF171D2073): 35
LogDevObjectVersion:   Dev-Mobile (B02B49B5-BB20-44E9-A304-32B752E40360): 2
LogDevObjectVersion:   Dev-Networking (A4E4105C-59A1-49B5-A7C5-40C4547EDFEE): 0
LogDevObjectVersion:   Dev-Online (39C831C9-5AE6-47DC-9A44-9C173E1C8E7C): 0
LogDevObjectVersion:   Dev-Physics (78F01B33-EBEA-4F98-B9B4-84EACCB95AA2): 0
LogDevObjectVersion:   Dev-Platform (6631380F-2D4D-43E0-8009-CF276956A95A): 0
LogDevObjectVersion:   Dev-Rendering (12F88B9F-8875-4AFC-A67C-D90C383ABD29): 31
LogDevObjectVersion:   Dev-Sequencer (7B5AE74C-D270-4C10-A958-57980B212A5A): 11
LogDevObjectVersion:   Dev-VR (D7296918-1DD6-4BDD-9DE2-64A83CC13884): 2
LogDevObjectVersion:   Dev-LoadTimes (C2A15278-BFE7-4AFE-6C17-90FF531DF755): 1
LogDevObjectVersion:   Private-Geometry (6EACA3D4-40EC-4CC1-B786-8BED09428FC5): 3
LogDevObjectVersion:   Dev-AnimPhys (29E575DD-E0A3-4627-9D10-D276232CDCEA): 17
LogDevObjectVersion:   Dev-Anim (AF43A65D-7FD3-4947-9873-3E8ED9C1BB05): 2
LogDevObjectVersion:   Dev-ReflectionCapture (6B266CEC-1EC7-4B8F-A30B-E4D90942FC07): 1
LogDevObjectVersion:   Dev-Automation (0DF73D61-A23F-47EA-B727-89E90C41499A): 1
LogDevObjectVersion:   FortniteMain (601D1886-AC64-4F84-AA16-D3DE0DEAC7D6): 27
LogDevObjectVersion:   Dev-Enterprise (9DFFBCD6-494F-0158-E221-12823C92A888): 6
LogDevObjectVersion:   Dev-Niagara (F2AED0AC-9AFE-416F-8664-AA7FFA26D6FC): 1
LogDevObjectVersion:   Dev-Destruction (174F1F0B-B4C6-45A5-B13F-2EE8D0FB917D): 9
LogInit: Presizing for max 16777216 objects, including 0 objects not considered by GC, pre-allocating 0 bytes for permanent pool.
LogInit: Object subsystem initialized
LogConfig: Setting CVar [[con.DebugEarlyDefault:1]]
LogConfig: Setting CVar [[r.setres:1280x720]]
[2019.11.09-09.58.17:210][  0]LogConfig: Setting CVar [[r.VSync:0]]
[2019.11.09-09.58.17:210][  0]LogConfig: Setting CVar [[r.RHICmdBypass:0]]
[2019.11.09-09.58.17:210][  0]LogConfig: Applying CVar settings from Section [/Script/Engine.RendererSettings] File [C:/Users/Mawie/Documents/Ruler/Saved/Config/Windows/Engine.ini]
[2019.11.09-09.58.17:210][  0]LogConfig: Setting CVar [[r.GPUCrashDebugging:0]]
[2019.11.09-09.58.17:210][  0]LogConfig: Applying CVar settings from Section [/Script/Engine.RendererOverrideSettings] File [C:/Users/Mawie/Documents/Ruler/Saved/Config/Windows/Engine.ini]
[2019.11.09-09.58.17:210][  0]LogConfig: Applying CVar settings from Section [/Script/Engine.StreamingSettings] File [C:/Users/Mawie/Documents/Ruler/Saved/Config/Windows/Engine.ini]
[2019.11.09-09.58.17:210][  0]LogConfig: Setting CVar [[s.MinBulkDataSizeForAsyncLoading:131072]]
[2019.11.09-09.58.17:210][  0]LogConfig: Setting CVar [[s.AsyncLoadingThreadEnabled:0]]
[2019.11.09-09.58.17:210][  0]LogConfig: Setting CVar [[s.EventDrivenLoaderEnabled:1]]
[2019.11.09-09.58.17:210][  0]LogConfig: Setting CVar [[s.WarnIfTimeLimitExceeded:0]]
[2019.11.09-09.58.17:210][  0]LogConfig: Setting CVar [[s.TimeLimitExceededMultiplier:1.5]]
[2019.11.09-09.58.17:210][  0]LogConfig: Setting CVar [[s.TimeLimitExceededMinTime:0.005]]
[2019.11.09-09.58.17:210][  0]LogConfig: Setting CVar [[s.UseBackgroundLevelStreaming:1]]
[2019.11.09-09.58.17:210][  0]LogConfig: Setting CVar [[s.PriorityAsyncLoadingExtraTime:15.0]]
[2019.11.09-09.58.17:210][  0]LogConfig: Setting CVar [[s.LevelStreamingActorsUpdateTimeLimit:5.0]]
[2019.11.09-09.58.17:210][  0]LogConfig: Setting CVar [[s.PriorityLevelStreamingActorsUpdateExtraTime:5.0]]
[2019.11.09-09.58.17:210][  0]LogConfig: Setting CVar [[s.LevelStreamingComponentsRegistrationGranularity:10]]
[2019.11.09-09.58.17:210][  0]LogConfig: Setting CVar [[s.UnregisterComponentsTimeLimit:1.0]]
[2019.11.09-09.58.17:210][  0]LogConfig: Setting CVar [[s.LevelStreamingComponentsUnregistrationGranularity:5]]
[2019.11.09-09.58.17:210][  0]LogConfig: Applying CVar settings from Section [/Script/Engine.GarbageCollectionSettings] File [C:/Users/Mawie/Documents/Ruler/Saved/Config/Windows/Engine.ini]
[2019.11.09-09.58.17:210][  0]LogConfig: Setting CVar [[gc.MaxObjectsNotConsideredByGC:1]]
[2019.11.09-09.58.17:210][  0]LogConfig: Setting CVar [[gc.SizeOfPermanentObjectPool:0]]
[2019.11.09-09.58.17:210][  0]LogConfig: Setting CVar [[gc.FlushStreamingOnGC:0]]
[2019.11.09-09.58.17:210][  0]LogConfig: Setting CVar [[gc.NumRetriesBeforeForcingGC:10]]
[2019.11.09-09.58.17:210][  0]LogConfig: Setting CVar [[gc.AllowParallelGC:1]]
[2019.11.09-09.58.17:211][  0]LogConfig: Setting CVar [[gc.TimeBetweenPurgingPendingKillObjects:61.1]]
[2019.11.09-09.58.17:211][  0]LogConfig: Setting CVar [[gc.MaxObjectsInEditor:16777216]]
[2019.11.09-09.58.17:211][  0]LogConfig: Setting CVar [[gc.IncrementalBeginDestroyEnabled:1]]
[2019.11.09-09.58.17:211][  0]LogConfig: Setting CVar [[gc.CreateGCClusters:1]]
[2019.11.09-09.58.17:211][  0]LogConfig: Setting CVar [[gc.MinGCClusterSize:5]]
[2019.11.09-09.58.17:211][  0]LogConfig: Setting CVar [[gc.ActorClusteringEnabled:0]]
[2019.11.09-09.58.17:211][  0]LogConfig: Setting CVar [[gc.BlueprintClusteringEnabled:0]]
[2019.11.09-09.58.17:211][  0]LogConfig: Setting CVar [[gc.UseDisregardForGCOnDedicatedServers:0]]
[2019.11.09-09.58.17:211][  0]LogConfig: Applying CVar settings from Section [/Script/Engine.NetworkSettings] File [C:/Users/Mawie/Documents/Ruler/Saved/Config/Windows/Engine.ini]
[2019.11.09-09.58.17:211][  0]LogConfig: Applying CVar settings from Section [/Script/UnrealEd.CookerSettings] File [C:/Users/Mawie/Documents/Ruler/Saved/Config/Windows/Engine.ini]
[2019.11.09-09.58.17:221][  0]LogConfig: Applying CVar settings from Section [ViewDistanceQuality@3] File [C:/Users/Mawie/Documents/Ruler/Saved/Config/Windows/Scalability.ini]
[2019.11.09-09.58.17:221][  0]LogConfig: Setting CVar [[r.SkeletalMeshLODBias:0]]
[2019.11.09-09.58.17:221][  0]LogConfig: Setting CVar [[r.ViewDistanceScale:1.0]]
[2019.11.09-09.58.17:221][  0]LogConfig: Applying CVar settings from Section [AntiAliasingQuality@3] File [C:/Users/Mawie/Documents/Ruler/Saved/Config/Windows/Scalability.ini]
[2019.11.09-09.58.17:221][  0]LogConfig: Setting CVar [[r.PostProcessAAQuality:4]]
[2019.11.09-09.58.17:221][  0]LogConfig: Applying CVar settings from Section [ShadowQuality@3] File [C:/Users/Mawie/Documents/Ruler/Saved/Config/Windows/Scalability.ini]
[2019.11.09-09.58.17:221][  0]LogConfig: Setting CVar [[r.LightFunctionQuality:1]]
[2019.11.09-09.58.17:221][  0]LogConfig: Setting CVar [[r.ShadowQuality:5]]
[2019.11.09-09.58.17:221][  0]LogConfig: Setting CVar [[r.Shadow.CSM.MaxCascades:10]]
[2019.11.09-09.58.17:221][  0]LogConfig: Setting CVar [[r.Shadow.MaxResolution:2048]]
[2019.11.09-09.58.17:221][  0]LogConfig: Setting CVar [[r.Shadow.MaxCSMResolution:2048]]
[2019.11.09-09.58.17:221][  0]LogConfig: Setting CVar [[r.Shadow.RadiusThreshold:0.01]]
[2019.11.09-09.58.17:221][  0]LogConfig: Setting CVar [[r.Shadow.DistanceScale:1.0]]
[2019.11.09-09.58.17:221][  0]LogConfig: Setting CVar [[r.Shadow.CSM.TransitionScale:1.0]]
[2019.11.09-09.58.17:221][  0]LogConfig: Setting CVar [[r.Shadow.PreShadowResolutionFactor:1.0]]
[2019.11.09-09.58.17:221][  0]LogConfig: Setting CVar [[r.DistanceFieldShadowing:1]]
[2019.11.09-09.58.17:221][  0]LogConfig: Setting CVar [[r.DistanceFieldAO:1]]
[2019.11.09-09.58.17:221][  0]LogConfig: Setting CVar [[r.AOQuality:2]]
[2019.11.09-09.58.17:221][  0]LogConfig: Setting CVar [[r.VolumetricFog:1]]
[2019.11.09-09.58.17:221][  0]LogConfig: Setting CVar [[r.VolumetricFog.GridPixelSize:8]]
[2019.11.09-09.58.17:221][  0]LogConfig: Setting CVar [[r.VolumetricFog.GridSizeZ:128]]
[2019.11.09-09.58.17:221][  0]LogConfig: Setting CVar [[r.VolumetricFog.HistoryMissSupersampleCount:4]]
[2019.11.09-09.58.17:221][  0]LogConfig: Setting CVar [[r.LightMaxDrawDistanceScale:1]]
[2019.11.09-09.58.17:221][  0]LogConfig: Setting CVar [[r.CapsuleShadows:1]]
[2019.11.09-09.58.17:221][  0]LogConfig: Applying CVar settings from Section [PostProcessQuality@3] File [C:/Users/Mawie/Documents/Ruler/Saved/Config/Windows/Scalability.ini]
[2019.11.09-09.58.17:221][  0]LogConfig: Setting CVar [[r.MotionBlurQuality:4]]
[2019.11.09-09.58.17:221][  0]LogConfig: Setting CVar [[r.AmbientOcclusionMipLevelFactor:0.4]]
[2019.11.09-09.58.17:221][  0]LogConfig: Setting CVar [[r.AmbientOcclusionMaxQuality:100]]
[2019.11.09-09.58.17:221][  0]LogConfig: Setting CVar [[r.AmbientOcclusionLevels:-1]]
[2019.11.09-09.58.17:221][  0]LogConfig: Setting CVar [[r.AmbientOcclusionRadiusScale:1.0]]
[2019.11.09-09.58.17:221][  0]LogConfig: Setting CVar [[r.DepthOfFieldQuality:2]]
[2019.11.09-09.58.17:221][  0]LogConfig: Setting CVar [[r.RenderTargetPoolMin:400]]
[2019.11.09-09.58.17:221][  0]LogConfig: Setting CVar [[r.LensFlareQuality:2]]
[2019.11.09-09.58.17:221][  0]LogConfig: Setting CVar [[r.SceneColorFringeQuality:1]]
[2019.11.09-09.58.17:221][  0]LogConfig: Setting CVar [[r.EyeAdaptationQuality:2]]
[2019.11.09-09.58.17:221][  0]LogConfig: Setting CVar [[r.BloomQuality:5]]
[2019.11.09-09.58.17:222][  0]LogConfig: Setting CVar [[r.FastBlurThreshold:100]]
[2019.11.09-09.58.17:222][  0]LogConfig: Setting CVar [[r.Upscale.Quality:3]]
[2019.11.09-09.58.17:222][  0]LogConfig: Setting CVar [[r.Tonemapper.GrainQuantization:1]]
[2019.11.09-09.58.17:222][  0]LogConfig: Setting CVar [[r.LightShaftQuality:1]]
[2019.11.09-09.58.17:222][  0]LogConfig: Setting CVar [[r.Filter.SizeScale:1]]
[2019.11.09-09.58.17:222][  0]LogConfig: Setting CVar [[r.Tonemapper.Quality:5]]
[2019.11.09-09.58.17:222][  0]LogConfig: Setting CVar [[r.DOF.Gather.AccumulatorQuality:1        ; higher gathering accumulator quality]]
[2019.11.09-09.58.17:222][  0]LogConfig: Setting CVar [[r.DOF.Gather.PostfilterMethod:1          ; Median3x3 postfilering method]]
[2019.11.09-09.58.17:222][  0]LogConfig: Setting CVar [[r.DOF.Gather.EnableBokehSettings:0       ; no bokeh simulation when gathering]]
[2019.11.09-09.58.17:222][  0]LogConfig: Setting CVar [[r.DOF.Gather.RingCount:4                 ; medium number of samples when gathering]]
[2019.11.09-09.58.17:222][  0]LogConfig: Setting CVar [[r.DOF.Scatter.ForegroundCompositing:1    ; additive foreground scattering]]
[2019.11.09-09.58.17:222][  0]LogConfig: Setting CVar [[r.DOF.Scatter.BackgroundCompositing:2    ; additive background scattering]]
[2019.11.09-09.58.17:222][  0]LogConfig: Setting CVar [[r.DOF.Scatter.EnableBokehSettings:1      ; bokeh simulation when scattering]]
[2019.11.09-09.58.17:222][  0]LogConfig: Setting CVar [[r.DOF.Scatter.MaxSpriteRatio:0.1         ; only a maximum of 10% of scattered bokeh]]
[2019.11.09-09.58.17:222][  0]LogConfig: Setting CVar [[r.DOF.Recombine.Quality:1                ; cheap slight out of focus]]
[2019.11.09-09.58.17:222][  0]LogConfig: Setting CVar [[r.DOF.Recombine.EnableBokehSettings:0    ; no bokeh simulation on slight out of focus]]
[2019.11.09-09.58.17:222][  0]LogConfig: Setting CVar [[r.DOF.TemporalAAQuality:1                ; more stable temporal accumulation]]
[2019.11.09-09.58.17:222][  0]LogConfig: Setting CVar [[r.DOF.Kernel.MaxForegroundRadius:0.025]]
[2019.11.09-09.58.17:222][  0]LogConfig: Setting CVar [[r.DOF.Kernel.MaxBackgroundRadius:0.025]]
[2019.11.09-09.58.17:222][  0]LogConfig: Applying CVar settings from Section [TextureQuality@3] File [C:/Users/Mawie/Documents/Ruler/Saved/Config/Windows/Scalability.ini]
[2019.11.09-09.58.17:222][  0]LogConfig: Setting CVar [[r.Streaming.MipBias:0]]
[2019.11.09-09.58.17:222][  0]LogConfig: Setting CVar [[r.Streaming.AmortizeCPUToGPUCopy:0]]
[2019.11.09-09.58.17:222][  0]LogConfig: Setting CVar [[r.Streaming.MaxNumTexturesToStreamPerFrame:0]]
[2019.11.09-09.58.17:222][  0]LogConfig: Setting CVar [[r.Streaming.Boost:1]]
[2019.11.09-09.58.17:222][  0]LogConfig: Setting CVar [[r.MaxAnisotropy:8]]
[2019.11.09-09.58.17:222][  0]LogConfig: Setting CVar [[r.Streaming.LimitPoolSizeToVRAM:0]]
[2019.11.09-09.58.17:222][  0]LogConfig: Setting CVar [[r.Streaming.PoolSize:1000]]
[2019.11.09-09.58.17:222][  0]LogConfig: Setting CVar [[r.Streaming.MaxEffectiveScreenSize:0]]
[2019.11.09-09.58.17:222][  0]LogConfig: Applying CVar settings from Section [EffectsQuality@3] File [C:/Users/Mawie/Documents/Ruler/Saved/Config/Windows/Scalability.ini]
[2019.11.09-09.58.17:222][  0]LogConfig: Setting CVar [[r.TranslucencyLightingVolumeDim:64]]
[2019.11.09-09.58.17:222][  0]LogConfig: Setting CVar [[r.RefractionQuality:2]]
[2019.11.09-09.58.17:222][  0]LogConfig: Setting CVar [[r.SSR.Quality:3]]
[2019.11.09-09.58.17:222][  0]LogConfig: Setting CVar [[r.SceneColorFormat:4]]
[2019.11.09-09.58.17:222][  0]LogConfig: Setting CVar [[r.DetailMode:2]]
[2019.11.09-09.58.17:222][  0]LogConfig: Setting CVar [[r.TranslucencyVolumeBlur:1]]
[2019.11.09-09.58.17:222][  0]LogConfig: Setting CVar [[r.MaterialQualityLevel:1 ; High quality]]
[2019.11.09-09.58.17:222][  0]LogConfig: Setting CVar [[r.SSS.Scale:1]]
[2019.11.09-09.58.17:222][  0]LogConfig: Setting CVar [[r.SSS.SampleSet:2]]
[2019.11.09-09.58.17:222][  0]LogConfig: Setting CVar [[r.SSS.Quality:1]]
[2019.11.09-09.58.17:222][  0]LogConfig: Setting CVar [[r.SSS.HalfRes:1]]
[2019.11.09-09.58.17:222][  0]LogConfig: Setting CVar [[r.EmitterSpawnRateScale:1.0]]
[2019.11.09-09.58.17:222][  0]LogConfig: Setting CVar [[r.ParticleLightQuality:2]]
[2019.11.09-09.58.17:222][  0]LogConfig: Applying CVar settings from Section [FoliageQuality@3] File [C:/Users/Mawie/Documents/Ruler/Saved/Config/Windows/Scalability.ini]
[2019.11.09-09.58.17:223][  0]LogConfig: Setting CVar [[foliage.DensityScale:1.0]]
[2019.11.09-09.58.17:223][  0]LogConfig: Setting CVar [[grass.DensityScale:1.0]]
[2019.11.09-09.58.17:223][  0]LogInit: Selected Device Profile: [Windows]
[2019.11.09-09.58.17:223][  0]LogInit: Applying CVar settings loaded from the selected device profile: [Windows]
[2019.11.09-09.58.17:229][  0]LogHAL: Display: Platform has ~ 16 GB [17015635968 / 17179869184 / 16], which maps to Larger [LargestMinGB=32, LargerMinGB=12, DefaultMinGB=8, SmallerMinGB=6, SmallestMinGB=0)
[2019.11.09-09.58.17:229][  0]LogInit: Going up to parent DeviceProfile []
[2019.11.09-09.58.17:229][  0]LogConfig: Applying CVar settings from Section [ViewDistanceQuality@3] File [C:/Users/Mawie/Documents/Ruler/Saved/Config/Windows/Scalability.ini]
[2019.11.09-09.58.17:229][  0]LogConfig: Setting CVar [[r.SkeletalMeshLODBias:0]]
[2019.11.09-09.58.17:229][  0]LogConfig: Setting CVar [[r.ViewDistanceScale:1.0]]
[2019.11.09-09.58.17:229][  0]LogConfig: Applying CVar settings from Section [AntiAliasingQuality@3] File [C:/Users/Mawie/Documents/Ruler/Saved/Config/Windows/Scalability.ini]
[2019.11.09-09.58.17:229][  0]LogConfig: Setting CVar [[r.PostProcessAAQuality:4]]
[2019.11.09-09.58.17:229][  0]LogConfig: Applying CVar settings from Section [ShadowQuality@3] File [C:/Users/Mawie/Documents/Ruler/Saved/Config/Windows/Scalability.ini]
[2019.11.09-09.58.17:229][  0]LogConfig: Setting CVar [[r.LightFunctionQuality:1]]
[2019.11.09-09.58.17:229][  0]LogConfig: Setting CVar [[r.ShadowQuality:5]]
[2019.11.09-09.58.17:229][  0]LogConfig: Setting CVar [[r.Shadow.CSM.MaxCascades:10]]
[2019.11.09-09.58.17:229][  0]LogConfig: Setting CVar [[r.Shadow.MaxResolution:2048]]
[2019.11.09-09.58.17:229][  0]LogConfig: Setting CVar [[r.Shadow.MaxCSMResolution:2048]]
[2019.11.09-09.58.17:229][  0]LogConfig: Setting CVar [[r.Shadow.RadiusThreshold:0.01]]
[2019.11.09-09.58.17:229][  0]LogConfig: Setting CVar [[r.Shadow.DistanceScale:1.0]]
[2019.11.09-09.58.17:229][  0]LogConfig: Setting CVar [[r.Shadow.CSM.TransitionScale:1.0]]
[2019.11.09-09.58.17:229][  0]LogConfig: Setting CVar [[r.Shadow.PreShadowResolutionFactor:1.0]]
[2019.11.09-09.58.17:229][  0]LogConfig: Setting CVar [[r.DistanceFieldShadowing:1]]
[2019.11.09-09.58.17:229][  0]LogConfig: Setting CVar [[r.DistanceFieldAO:1]]
[2019.11.09-09.58.17:229][  0]LogConfig: Setting CVar [[r.AOQuality:2]]
[2019.11.09-09.58.17:229][  0]LogConfig: Setting CVar [[r.VolumetricFog:1]]
[2019.11.09-09.58.17:229][  0]LogConfig: Setting CVar [[r.VolumetricFog.GridPixelSize:8]]
[2019.11.09-09.58.17:229][  0]LogConfig: Setting CVar [[r.VolumetricFog.GridSizeZ:128]]
[2019.11.09-09.58.17:229][  0]LogConfig: Setting CVar [[r.VolumetricFog.HistoryMissSupersampleCount:4]]
[2019.11.09-09.58.17:229][  0]LogConfig: Setting CVar [[r.LightMaxDrawDistanceScale:1]]
[2019.11.09-09.58.17:229][  0]LogConfig: Setting CVar [[r.CapsuleShadows:1]]
[2019.11.09-09.58.17:229][  0]LogConfig: Applying CVar settings from Section [PostProcessQuality@3] File [C:/Users/Mawie/Documents/Ruler/Saved/Config/Windows/Scalability.ini]
[2019.11.09-09.58.17:229][  0]LogConfig: Setting CVar [[r.MotionBlurQuality:4]]
[2019.11.09-09.58.17:229][  0]LogConfig: Setting CVar [[r.AmbientOcclusionMipLevelFactor:0.4]]
[2019.11.09-09.58.17:229][  0]LogConfig: Setting CVar [[r.AmbientOcclusionMaxQuality:100]]
[2019.11.09-09.58.17:229][  0]LogConfig: Setting CVar [[r.AmbientOcclusionLevels:-1]]
[2019.11.09-09.58.17:229][  0]LogConfig: Setting CVar [[r.AmbientOcclusionRadiusScale:1.0]]
[2019.11.09-09.58.17:229][  0]LogConfig: Setting CVar [[r.DepthOfFieldQuality:2]]
[2019.11.09-09.58.17:229][  0]LogConfig: Setting CVar [[r.RenderTargetPoolMin:400]]
[2019.11.09-09.58.17:229][  0]LogConfig: Setting CVar [[r.LensFlareQuality:2]]
[2019.11.09-09.58.17:229][  0]LogConfig: Setting CVar [[r.SceneColorFringeQuality:1]]
[2019.11.09-09.58.17:229][  0]LogConfig: Setting CVar [[r.EyeAdaptationQuality:2]]
[2019.11.09-09.58.17:229][  0]LogConfig: Setting CVar [[r.BloomQuality:5]]
[2019.11.09-09.58.17:230][  0]LogConfig: Setting CVar [[r.FastBlurThreshold:100]]
[2019.11.09-09.58.17:230][  0]LogConfig: Setting CVar [[r.Upscale.Quality:3]]
[2019.11.09-09.58.17:230][  0]LogConfig: Setting CVar [[r.Tonemapper.GrainQuantization:1]]
[2019.11.09-09.58.17:230][  0]LogConfig: Setting CVar [[r.LightShaftQuality:1]]
[2019.11.09-09.58.17:230][  0]LogConfig: Setting CVar [[r.Filter.SizeScale:1]]
[2019.11.09-09.58.17:230][  0]LogConfig: Setting CVar [[r.Tonemapper.Quality:5]]
[2019.11.09-09.58.17:230][  0]LogConfig: Setting CVar [[r.DOF.Gather.AccumulatorQuality:1        ; higher gathering accumulator quality]]
[2019.11.09-09.58.17:230][  0]LogConfig: Setting CVar [[r.DOF.Gather.PostfilterMethod:1          ; Median3x3 postfilering method]]
[2019.11.09-09.58.17:230][  0]LogConfig: Setting CVar [[r.DOF.Gather.EnableBokehSettings:0       ; no bokeh simulation when gathering]]
[2019.11.09-09.58.17:230][  0]LogConfig: Setting CVar [[r.DOF.Gather.RingCount:4                 ; medium number of samples when gathering]]
[2019.11.09-09.58.17:230][  0]LogConfig: Setting CVar [[r.DOF.Scatter.ForegroundCompositing:1    ; additive foreground scattering]]
[2019.11.09-09.58.17:230][  0]LogConfig: Setting CVar [[r.DOF.Scatter.BackgroundCompositing:2    ; additive background scattering]]
[2019.11.09-09.58.17:230][  0]LogConfig: Setting CVar [[r.DOF.Scatter.EnableBokehSettings:1      ; bokeh simulation when scattering]]
[2019.11.09-09.58.17:230][  0]LogConfig: Setting CVar [[r.DOF.Scatter.MaxSpriteRatio:0.1         ; only a maximum of 10% of scattered bokeh]]
[2019.11.09-09.58.17:230][  0]LogConfig: Setting CVar [[r.DOF.Recombine.Quality:1                ; cheap slight out of focus]]
[2019.11.09-09.58.17:230][  0]LogConfig: Setting CVar [[r.DOF.Recombine.EnableBokehSettings:0    ; no bokeh simulation on slight out of focus]]
[2019.11.09-09.58.17:230][  0]LogConfig: Setting CVar [[r.DOF.TemporalAAQuality:1                ; more stable temporal accumulation]]
[2019.11.09-09.58.17:230][  0]LogConfig: Setting CVar [[r.DOF.Kernel.MaxForegroundRadius:0.025]]
[2019.11.09-09.58.17:230][  0]LogConfig: Setting CVar [[r.DOF.Kernel.MaxBackgroundRadius:0.025]]
[2019.11.09-09.58.17:230][  0]LogConfig: Applying CVar settings from Section [TextureQuality@3] File [C:/Users/Mawie/Documents/Ruler/Saved/Config/Windows/Scalability.ini]
[2019.11.09-09.58.17:230][  0]LogConfig: Setting CVar [[r.Streaming.MipBias:0]]
[2019.11.09-09.58.17:230][  0]LogConfig: Setting CVar [[r.Streaming.AmortizeCPUToGPUCopy:0]]
[2019.11.09-09.58.17:230][  0]LogConfig: Setting CVar [[r.Streaming.MaxNumTexturesToStreamPerFrame:0]]
[2019.11.09-09.58.17:230][  0]LogConfig: Setting CVar [[r.Streaming.Boost:1]]
[2019.11.09-09.58.17:230][  0]LogConfig: Setting CVar [[r.MaxAnisotropy:8]]
[2019.11.09-09.58.17:230][  0]LogConfig: Setting CVar [[r.Streaming.LimitPoolSizeToVRAM:0]]
[2019.11.09-09.58.17:230][  0]LogConfig: Setting CVar [[r.Streaming.PoolSize:1000]]
[2019.11.09-09.58.17:230][  0]LogConfig: Setting CVar [[r.Streaming.MaxEffectiveScreenSize:0]]
[2019.11.09-09.58.17:230][  0]LogConfig: Applying CVar settings from Section [EffectsQuality@3] File [C:/Users/Mawie/Documents/Ruler/Saved/Config/Windows/Scalability.ini]
[2019.11.09-09.58.17:230][  0]LogConfig: Setting CVar [[r.TranslucencyLightingVolumeDim:64]]
[2019.11.09-09.58.17:230][  0]LogConfig: Setting CVar [[r.RefractionQuality:2]]
[2019.11.09-09.58.17:230][  0]LogConfig: Setting CVar [[r.SSR.Quality:3]]
[2019.11.09-09.58.17:230][  0]LogConfig: Setting CVar [[r.SceneColorFormat:4]]
[2019.11.09-09.58.17:230][  0]LogConfig: Setting CVar [[r.DetailMode:2]]
[2019.11.09-09.58.17:230][  0]LogConfig: Setting CVar [[r.TranslucencyVolumeBlur:1]]
[2019.11.09-09.58.17:230][  0]LogConfig: Setting CVar [[r.MaterialQualityLevel:1 ; High quality]]
[2019.11.09-09.58.17:230][  0]LogConfig: Setting CVar [[r.SSS.Scale:1]]
[2019.11.09-09.58.17:230][  0]LogConfig: Setting CVar [[r.SSS.SampleSet:2]]
[2019.11.09-09.58.17:230][  0]LogConfig: Setting CVar [[r.SSS.Quality:1]]
[2019.11.09-09.58.17:230][  0]LogConfig: Setting CVar [[r.SSS.HalfRes:1]]
[2019.11.09-09.58.17:230][  0]LogConfig: Setting CVar [[r.EmitterSpawnRateScale:1.0]]
[2019.11.09-09.58.17:230][  0]LogConfig: Setting CVar [[r.ParticleLightQuality:2]]
[2019.11.09-09.58.17:230][  0]LogConfig: Applying CVar settings from Section [FoliageQuality@3] File [C:/Users/Mawie/Documents/Ruler/Saved/Config/Windows/Scalability.ini]
[2019.11.09-09.58.17:231][  0]LogConfig: Setting CVar [[foliage.DensityScale:1.0]]
[2019.11.09-09.58.17:231][  0]LogConfig: Setting CVar [[grass.DensityScale:1.0]]
[2019.11.09-09.58.17:231][  0]LogConfig: Applying CVar settings from Section [Startup] File [../../../Engine/Config/ConsoleVariables.ini]
[2019.11.09-09.58.17:231][  0]LogConfig: Setting CVar [[net.UseAdaptiveNetUpdateFrequency:0]]
[2019.11.09-09.58.17:231][  0]LogConfig: Setting CVar [[p.chaos.AllowCreatePhysxBodies:1]]
[2019.11.09-09.58.17:231][  0]LogConfig: Applying CVar settings from Section [ConsoleVariables] File [C:/Users/Mawie/Documents/Ruler/Saved/Config/Windows/Engine.ini]
[2019.11.09-09.58.17:231][  0]LogInit: Computer: MAWIE
[2019.11.09-09.58.17:231][  0]LogInit: User: Mawie
[2019.11.09-09.58.17:231][  0]LogInit: CPU Page size=4096, Cores=6
[2019.11.09-09.58.17:231][  0]LogInit: High frequency timer resolution =10.000000 MHz
[2019.11.09-09.58.17:232][  0]LogMemory: Memory total: Physical=15.8GB (16GB approx)
[2019.11.09-09.58.17:232][  0]LogMemory: Platform Memory Stats for Windows
[2019.11.09-09.58.17:232][  0]LogMemory: Process Physical Memory: 110.56 MB used, 110.56 MB peak
[2019.11.09-09.58.17:232][  0]LogMemory: Process Virtual Memory: 100.93 MB used, 100.93 MB peak
[2019.11.09-09.58.17:232][  0]LogMemory: Physical Memory: 8686.20 MB used,  7541.17 MB free, 16227.38 MB total
[2019.11.09-09.58.17:232][  0]LogMemory: Virtual Memory: 4693.17 MB used,  134213032.00 MB free, 134217728.00 MB total
[2019.11.09-09.58.17:694][  0]LogWindows: WindowsPlatformFeatures enabled
[2019.11.09-09.58.17:765][  0]LogInit: Using OS detected language (en-GB).
[2019.11.09-09.58.17:765][  0]LogInit: Using OS detected locale (en-GB).
[2019.11.09-09.58.17:766][  0]LogTextLocalizationManager: No specific localization for 'en-GB' exists, so the 'en' localization will be used.
[2019.11.09-09.58.18:088][  0]LogInit: Setting process to per monitor DPI aware
[2019.11.09-09.58.18:177][  0]LogSlate: New Slate User Created.  User Index 0, Is Virtual User: 0
[2019.11.09-09.58.18:177][  0]LogSlate: Slate User Registered.  User Index 0, Is Virtual User: 0
[2019.11.09-09.58.18:602][  0]LogHMD: Failed to initialize OpenVR with code 110
[2019.11.09-09.58.18:602][  0]LogD3D11RHI: D3D11 adapters:
[2019.11.09-09.58.19:862][  0]LogD3D11RHI:    0. 'NVIDIA GeForce GTX 1060' (Feature Level 11_0)
[2019.11.09-09.58.19:862][  0]LogD3D11RHI:       6052/0/8113 MB DedicatedVideo/DedicatedSystem/SharedSystem, Outputs:1, VendorId:0x10de
[2019.11.09-09.58.19:916][  0]LogD3D11RHI:    1. 'Intel(R) UHD Graphics 630' (Feature Level 11_0)
[2019.11.09-09.58.19:916][  0]LogD3D11RHI:       128/0/8113 MB DedicatedVideo/DedicatedSystem/SharedSystem, Outputs:0, VendorId:0x8086
[2019.11.09-09.58.19:921][  0]LogD3D11RHI:    2. 'Microsoft Basic Render Driver' (Feature Level 11_0)
[2019.11.09-09.58.19:921][  0]LogD3D11RHI:       0/0/8113 MB DedicatedVideo/DedicatedSystem/SharedSystem, Outputs:0, VendorId:0x1414
[2019.11.09-09.58.19:921][  0]LogD3D11RHI: Chosen D3D11 Adapter: 0
[2019.11.09-09.58.19:988][  0]LogD3D11RHI: Creating new Direct3DDevice
[2019.11.09-09.58.19:988][  0]LogD3D11RHI:     GPU DeviceId: 0x1c20 (for the marketing name, search the web for "GPU Device Id")
[2019.11.09-09.58.19:988][  0]LogWindows: EnumDisplayDevices:
[2019.11.09-09.58.19:988][  0]LogWindows:    0. 'Intel(R) UHD Graphics 630' (P:1 D:1)
[2019.11.09-09.58.19:989][  0]LogWindows:    1. 'Intel(R) UHD Graphics 630' (P:0 D:0)
[2019.11.09-09.58.19:990][  0]LogWindows:    2. 'Intel(R) UHD Graphics 630' (P:0 D:0)
[2019.11.09-09.58.19:990][  0]LogWindows:    3. 'NVIDIA GeForce GTX 1060' (P:0 D:0)
[2019.11.09-09.58.19:991][  0]LogWindows:    4. 'NVIDIA GeForce GTX 1060' (P:0 D:0)
[2019.11.09-09.58.19:992][  0]LogWindows:    5. 'NVIDIA GeForce GTX 1060' (P:0 D:0)
[2019.11.09-09.58.19:993][  0]LogWindows:    6. 'NVIDIA GeForce GTX 1060' (P:0 D:0)
[2019.11.09-09.58.19:993][  0]LogWindows: DebugString: PrimaryIsNotTheChoosenAdapter PrimaryIsNotTheChoosenAdapter PrimaryIsNotTheChoosenAdapter FoundDriverCount:4 
[2019.11.09-09.58.19:993][  0]LogD3D11RHI:     Adapter Name: NVIDIA GeForce GTX 1060
[2019.11.09-09.58.19:993][  0]LogD3D11RHI:   Driver Version: 441.12 (internal:26.21.14.4112, unified:441.12)
[2019.11.09-09.58.19:993][  0]LogD3D11RHI:      Driver Date: 10-24-2019
[2019.11.09-09.58.19:993][  0]LogRHI: Texture pool is 4236 MB (70% of 6052 MB)
[2019.11.09-09.58.20:109][  0]LogD3D11RHI: Async texture creation enabled
[2019.11.09-09.58.20:167][  0]LogD3D11RHI: GPU Timing Frequency: 1000.000000 (Debug: 2 1)
[2019.11.09-09.58.20:854][  0]LogTemp: Display: Module 'AllDesktopTargetPlatform' loaded TargetPlatform 'AllDesktop'
[2019.11.09-09.58.20:871][  0]LogTemp: Display: Module 'MacClientTargetPlatform' loaded TargetPlatform 'MacClient'
[2019.11.09-09.58.20:888][  0]LogTemp: Display: Module 'MacNoEditorTargetPlatform' loaded TargetPlatform 'MacNoEditor'
[2019.11.09-09.58.20:905][  0]LogTemp: Display: Module 'MacServerTargetPlatform' loaded TargetPlatform 'MacServer'
[2019.11.09-09.58.20:922][  0]LogTemp: Display: Module 'MacTargetPlatform' loaded TargetPlatform 'Mac'
[2019.11.09-09.58.20:940][  0]LogTemp: Display: Module 'WindowsClientTargetPlatform' loaded TargetPlatform 'WindowsClient'
[2019.11.09-09.58.20:962][  0]LogTemp: Display: Module 'WindowsNoEditorTargetPlatform' loaded TargetPlatform 'WindowsNoEditor'
[2019.11.09-09.58.20:981][  0]LogTemp: Display: Module 'WindowsServerTargetPlatform' loaded TargetPlatform 'WindowsServer'
[2019.11.09-09.58.20:989][  0]LogTemp: Display: Module 'WindowsTargetPlatform' loaded TargetPlatform 'Windows'
[2019.11.09-09.58.21:051][  0]LogTemp: Display: Module 'AndroidTargetPlatform' loaded TargetPlatform 'Android'
[2019.11.09-09.58.21:051][  0]LogTemp: Display: Module 'AndroidTargetPlatform' loaded TargetPlatform 'Android_ASTC'
[2019.11.09-09.58.21:051][  0]LogTemp: Display: Module 'AndroidTargetPlatform' loaded TargetPlatform 'Android_ATC'
[2019.11.09-09.58.21:051][  0]LogTemp: Display: Module 'AndroidTargetPlatform' loaded TargetPlatform 'Android_DXT'
[2019.11.09-09.58.21:051][  0]LogTemp: Display: Module 'AndroidTargetPlatform' loaded TargetPlatform 'Android_ETC1'
[2019.11.09-09.58.21:051][  0]LogTemp: Display: Module 'AndroidTargetPlatform' loaded TargetPlatform 'Android_ETC1a'
[2019.11.09-09.58.21:051][  0]LogTemp: Display: Module 'AndroidTargetPlatform' loaded TargetPlatform 'Android_ETC2'
[2019.11.09-09.58.21:051][  0]LogTemp: Display: Module 'AndroidTargetPlatform' loaded TargetPlatform 'Android_PVRTC'
[2019.11.09-09.58.21:051][  0]LogTemp: Display: Module 'AndroidTargetPlatform' loaded TargetPlatform 'AndroidClient'
[2019.11.09-09.58.21:051][  0]LogTemp: Display: Module 'AndroidTargetPlatform' loaded TargetPlatform 'Android_ASTCClient'
[2019.11.09-09.58.21:051][  0]LogTemp: Display: Module 'AndroidTargetPlatform' loaded TargetPlatform 'Android_ATCClient'
[2019.11.09-09.58.21:052][  0]LogTemp: Display: Module 'AndroidTargetPlatform' loaded TargetPlatform 'Android_DXTClient'
[2019.11.09-09.58.21:052][  0]LogTemp: Display: Module 'AndroidTargetPlatform' loaded TargetPlatform 'Android_ETC1Client'
[2019.11.09-09.58.21:052][  0]LogTemp: Display: Module 'AndroidTargetPlatform' loaded TargetPlatform 'Android_ETC1aClient'
[2019.11.09-09.58.21:052][  0]LogTemp: Display: Module 'AndroidTargetPlatform' loaded TargetPlatform 'Android_ETC2Client'
[2019.11.09-09.58.21:052][  0]LogTemp: Display: Module 'AndroidTargetPlatform' loaded TargetPlatform 'Android_PVRTCClient'
[2019.11.09-09.58.21:052][  0]LogTemp: Display: Module 'AndroidTargetPlatform' loaded TargetPlatform 'Android_Multi'
[2019.11.09-09.58.21:052][  0]LogTemp: Display: Module 'AndroidTargetPlatform' loaded TargetPlatform 'Android_MultiClient'
[2019.11.09-09.58.21:056][  0]LogTemp: Display: Module 'HTML5TargetPlatform' loaded TargetPlatform 'HTML5'
[2019.11.09-09.58.21:090][  0]LogTemp: Display: Module 'IOSTargetPlatform' loaded TargetPlatform 'IOSClient'
[2019.11.09-09.58.21:090][  0]LogTemp: Display: Module 'IOSTargetPlatform' loaded TargetPlatform 'IOS'
[2019.11.09-09.58.21:118][  0]LogTemp: Display: Module 'TVOSTargetPlatform' loaded TargetPlatform 'TVOSClient'
[2019.11.09-09.58.21:118][  0]LogTemp: Display: Module 'TVOSTargetPlatform' loaded TargetPlatform 'TVOS'
[2019.11.09-09.58.21:131][  0]LogTemp: Display: Module 'LinuxClientTargetPlatform' loaded TargetPlatform 'LinuxClient'
[2019.11.09-09.58.21:145][  0]LogTemp: Display: Module 'LinuxNoEditorTargetPlatform' loaded TargetPlatform 'LinuxNoEditor'
[2019.11.09-09.58.21:159][  0]LogTemp: Display: Module 'LinuxServerTargetPlatform' loaded TargetPlatform 'LinuxServer'
[2019.11.09-09.58.21:175][  0]LogTemp: Display: Module 'LinuxTargetPlatform' loaded TargetPlatform 'Linux'
[2019.11.09-09.58.21:227][  0]LogTemp: Display: Module 'LuminTargetPlatform' loaded TargetPlatform 'Lumin'
[2019.11.09-09.58.21:228][  0]LogTemp: Display: Module 'LuminTargetPlatform' loaded TargetPlatform 'LuminClient'
[2019.11.09-09.58.21:228][  0]LogTargetPlatformManager: Display: Building Assets For Windows
[2019.11.09-09.58.21:248][  0]LogAudioDebug: Display: Lib vorbis DLL was dynamically loaded.
[2019.11.09-09.58.21:364][  0]LogShaderCompilers: Guid format shader working directory is 1 characters bigger than the processId version (../../../../../../Users/Mawie/Documents/Ruler/Intermediate/Shaders/WorkingDirectory/7900/).
[2019.11.09-09.58.21:365][  0]LogShaderCompilers: Cleaned the shader compiler working directory 'C:/Users/Mawie/AppData/Local/Temp/UnrealShaderWorkingDir/8DC3F9A34C73FF3048359C91BFF90705/'.
[2019.11.09-09.58.21:369][  0]LogXGEController: Cleaning working directory: C:/Users/Mawie/AppData/Local/Temp/UnrealXGEWorkingDir/
[2019.11.09-09.58.21:371][  0]LogShaderCompilers: Display: Using XGE Shader Compiler (Interception Interface).
[2019.11.09-09.58.22:444][  0]LogDerivedDataCache: Display: Max Cache Size: 512 MB
[2019.11.09-09.58.22:520][  0]LogDerivedDataCache: Loaded boot cache 0.08s 73MB C:/Users/Mawie/AppData/Local/UnrealEngine/4.23/DerivedDataCache/Boot.ddc.
[2019.11.09-09.58.22:520][  0]LogDerivedDataCache: Display: Loaded Boot cache: C:/Users/Mawie/AppData/Local/UnrealEngine/4.23/DerivedDataCache/Boot.ddc
[2019.11.09-09.58.22:520][  0]LogDerivedDataCache: FDerivedDataBackendGraph:  Pak pak cache file ../../../../../../Users/Mawie/Documents/Ruler/DerivedDataCache/DDC.ddp not found, will not use a pak cache.
[2019.11.09-09.58.22:520][  0]LogDerivedDataCache: Unable to find inner node Pak for hierarchical cache Hierarchy.
[2019.11.09-09.58.22:520][  0]LogDerivedDataCache: FDerivedDataBackendGraph:  CompressedPak pak cache file ../../../../../../Users/Mawie/Documents/Ruler/DerivedDataCache/Compressed.ddp not found, will not use a pak cache.
[2019.11.09-09.58.22:520][  0]LogDerivedDataCache: Unable to find inner node CompressedPak for hierarchical cache Hierarchy.
[2019.11.09-09.58.22:539][  0]LogDerivedDataCache: Display: Pak cache opened for reading ../../../Engine/DerivedDataCache/Compressed.ddp.
[2019.11.09-09.58.22:539][  0]LogDerivedDataCache: FDerivedDataBackendGraph:  EnterprisePak pak cache file ../../../Enterprise/DerivedDataCache/Compressed.ddp not found, will not use a pak cache.
[2019.11.09-09.58.22:539][  0]LogDerivedDataCache: Unable to find inner node EnterprisePak for hierarchical cache Hierarchy.
[2019.11.09-09.58.22:542][  0]LogDerivedDataCache: Using Local data cache path C:/Users/Mawie/AppData/Local/UnrealEngine/Common/DerivedDataCache: Writable
[2019.11.09-09.58.22:542][  0]LogDerivedDataCache: Shared data cache path not found in *engine.ini, will not use an Shared cache.
[2019.11.09-09.58.22:542][  0]LogDerivedDataCache: Unable to find inner node Shared for hierarchical cache Hierarchy.
[2019.11.09-09.58.22:580][  0]LogMaterial: Verifying Global Shaders for PCD3D_SM5
[2019.11.09-09.58.22:584][  0]LogSlate: Using FreeType 2.6.0
[2019.11.09-09.58.22:585][  0]LogSlate: SlateFontServices - WITH_FREETYPE: 1, WITH_HARFBUZZ: 1
[2019.11.09-09.58.22:691][  0]LogAssetRegistry: FAssetRegistry took 0.0039 seconds to start up
[2019.11.09-09.58.23:183][  0]LogInit: Selected Device Profile: [Windows]
[2019.11.09-09.58.23:471][  0]LogMeshReduction: Using QuadricMeshReduction for automatic static mesh reduction
[2019.11.09-09.58.23:471][  0]LogMeshReduction: Using SimplygonMeshReduction for automatic skeletal mesh reduction
[2019.11.09-09.58.23:471][  0]LogMeshReduction: Using ProxyLODMeshReduction for automatic mesh merging
[2019.11.09-09.58.23:471][  0]LogMeshReduction: No distributed automatic mesh merging module available
[2019.11.09-09.58.23:472][  0]LogMeshMerging: No distributed automatic mesh merging module available
[2019.11.09-09.58.23:491][  0]LogNetVersion: Ruler 1.0.0, NetCL: 8386587, EngineNetVer: 11, GameNetVer: 0 (Checksum: 1499759499)
[2019.11.09-09.58.24:305][  0]LogPackageLocalizationCache: Processed 13 localized package path(s) for 1 prioritized culture(s) in 0.110648 seconds
[2019.11.09-09.58.24:316][  0]LogUObjectArray: 43453 objects as part of root set at end of initial load.
[2019.11.09-09.58.24:316][  0]LogUObjectAllocator: 7559736 out of 0 bytes used by permanent object pool.
[2019.11.09-09.58.24:316][  0]LogUObjectArray: CloseDisregardForGC: 0/0 objects in disregard for GC pool
[2019.11.09-09.58.25:883][  0]LogPython: Using Python 2.7.14
[2019.11.09-09.58.27:223][  0]LogFactions: Factions: Log Started
[2019.11.09-09.58.27:241][  0]LogTcpMessaging: Initializing TcpMessaging bridge
[2019.11.09-09.58.27:247][  0]LogUdpMessaging: Initializing bridge on interface 0.0.0.0:0 to multicast group 230.0.0.1:6666.
[2019.11.09-09.58.27:448][  0]SourceControl: Source control is disabled
[2019.11.09-09.58.27:448][  0]SourceControl: Source control is disabled
[2019.11.09-09.58.27:451][  0]SourceControl: Source control is disabled
[2019.11.09-09.58.27:453][  0]SourceControl: Source control is disabled
[2019.11.09-09.58.27:724][  0]LogAndroidPermission: UAndroidPermissionCallbackProxy::GetInstance
[2019.11.09-09.58.28:668][  0]LogOcInput: OculusInput pre-init called
[2019.11.09-09.58.28:685][  0]LogWindows: Failed to load 'OVRPlugin.dll' (GetLastError=126)
[2019.11.09-09.58.28:685][  0]LogWindows: File 'OVRPlugin.dll' does not exist
[2019.11.09-09.58.28:806][  0]LogClass: Warning: FBPSteamWorkshopItemDetails::ResultOfRequest is not initialized properly
[2019.11.09-09.58.28:806][  0]LogClass: Warning: FBPSteamWorkshopItemDetails::FileType is not initialized properly
[2019.11.09-09.58.28:806][  0]LogClass: Warning: FBPSteamWorkshopItemDetails::CreatorAppID is not initialized properly
[2019.11.09-09.58.28:806][  0]LogClass: Warning: FBPSteamWorkshopItemDetails::ConsumerAppID is not initialized properly
[2019.11.09-09.58.28:806][  0]LogClass: Warning: FBPSteamWorkshopItemDetails::VotesUp is not initialized properly
[2019.11.09-09.58.28:806][  0]LogClass: Warning: FBPSteamWorkshopItemDetails::VotesDown is not initialized properly
[2019.11.09-09.58.28:806][  0]LogClass: Warning: FBPSteamWorkshopItemDetails::CalculatedScore is not initialized properly
[2019.11.09-09.58.28:806][  0]LogClass: Warning: BoolProperty FBPSteamWorkshopItemDetails::bBanned is not initialized properly
[2019.11.09-09.58.28:806][  0]LogClass: Warning: BoolProperty FBPSteamWorkshopItemDetails::bAcceptedForUse is not initialized properly
[2019.11.09-09.58.28:806][  0]LogClass: Warning: BoolProperty FBPSteamWorkshopItemDetails::bTagsTruncated is not initialized properly
[2019.11.09-09.58.28:807][  0]LogClass: Display: 10 Uninitialized script stuct members found
[2019.11.09-09.58.28:808][  0]LogAutomationTest: Warning: FBPSteamWorkshopItemDetails::ResultOfRequest is not initialized properly
[2019.11.09-09.58.28:808][  0]LogAutomationTest: Warning: FBPSteamWorkshopItemDetails::FileType is not initialized properly
[2019.11.09-09.58.28:808][  0]LogAutomationTest: Warning: FBPSteamWorkshopItemDetails::CreatorAppID is not initialized properly
[2019.11.09-09.58.28:808][  0]LogAutomationTest: Warning: FBPSteamWorkshopItemDetails::ConsumerAppID is not initialized properly
[2019.11.09-09.58.28:808][  0]LogAutomationTest: Warning: FBPSteamWorkshopItemDetails::VotesUp is not initialized properly
[2019.11.09-09.58.28:808][  0]LogAutomationTest: Warning: FBPSteamWorkshopItemDetails::VotesDown is not initialized properly
[2019.11.09-09.58.28:808][  0]LogAutomationTest: Warning: FBPSteamWorkshopItemDetails::CalculatedScore is not initialized properly
[2019.11.09-09.58.28:808][  0]LogAutomationTest: Warning: BoolProperty FBPSteamWorkshopItemDetails::bBanned is not initialized properly
[2019.11.09-09.58.28:808][  0]LogAutomationTest: Warning: BoolProperty FBPSteamWorkshopItemDetails::bAcceptedForUse is not initialized properly
[2019.11.09-09.58.28:808][  0]LogAutomationTest: Warning: BoolProperty FBPSteamWorkshopItemDetails::bTagsTruncated is not initialized properly
[2019.11.09-09.58.28:809][  0]LogEngine: Initializing Engine...
[2019.11.09-09.58.28:810][  0]LogHMD: Failed to initialize OpenVR with code 110
[2019.11.09-09.58.28:813][  0]LogStats: UGameplayTagsManager::InitializeManager -  0.001 s
[2019.11.09-09.58.29:210][  0]LogInit: Initializing FReadOnlyCVARCache
[2019.11.09-09.58.29:245][  0]LogAIModule: Creating AISystem for world Untitled
[2019.11.09-09.58.29:280][  0]LogInit: XAudio2 using 'Speakers (Realtek(R) Audio)' : 6 channels at 48 kHz using 32 bits per sample (channel mask 0x3f)
[2019.11.09-09.58.29:500][  0]LogInit: FAudioDevice initialized.
[2019.11.09-09.58.29:500][  0]LogNetVersion: Set ProjectVersion to 1.0.0.0. Version Checksum will be recalculated on next use.
[2019.11.09-09.58.29:568][  0]LogDerivedDataCache: Saved boot cache 0.07s 73MB C:/Users/Mawie/AppData/Local/UnrealEngine/4.23/DerivedDataCache/Boot.ddc.
[2019.11.09-09.58.29:584][  0]LogInit: Texture streaming: Enabled
[2019.11.09-09.58.29:622][  0]LogEngineSessionManager: EngineSessionManager initialized
[2019.11.09-09.58.29:622][  0]LogEditorSessionSummary: Verbose: Initializing EditorSessionSummaryWriter for editor session tracking
[2019.11.09-09.58.29:625][  0]LogEditorSessionSummary: EditorSessionSummaryWriter initialized
[2019.11.09-09.58.29:764][  0]LogInit: Transaction tracking system initialized
[2019.11.09-09.58.29:831][  0]BlueprintLog: New page: Editor Load
[2019.11.09-09.58.30:000][  0]LocalizationService: Localization service is disabled
[2019.11.09-09.58.30:515][  0]LogCook: Display: Max memory allowance for cook 16384mb min free memory 0mb
[2019.11.09-09.58.30:515][  0]LogCook: Display: Mobile HDR setting 1
[2019.11.09-09.58.30:582][  0]LogFactionsEditor: FactionsEditor: Log Started
[2019.11.09-09.58.30:833][  0]LogFileCache: Scanning file cache for directory 'C:/Users/Mawie/Documents/Ruler/Content/' took 0.12s
[2019.11.09-09.58.30:952][  0]SourceControl: Source control is disabled
[2019.11.09-09.58.30:952][  0]Cmd: MAP LOAD FILE="../../../../../../Users/Mawie/Documents/Ruler/Content/ThirdPersonBP/Maps/multiplayerMainMenu.umap" TEMPLATE=0 SHOWPROGRESS=1 FEATURELEVEL=3
[2019.11.09-09.58.30:953][  0]LightingResults: New page: Lighting Build
[2019.11.09-09.58.30:958][  0]LogWorld: UWorld::CleanupWorld for Untitled, bSessionEnded=true, bCleanupResources=true
[2019.11.09-09.58.30:958][  0]MapCheck: New page: Map Check
[2019.11.09-09.58.30:958][  0]LightingResults: New page: Lighting Build
[2019.11.09-09.58.31:006][  0]LogUObjectHash: Compacting FUObjectHashTables data took   2.58ms
[2019.11.09-09.58.31:312][  0]LogAIModule: Creating AISystem for world multiplayerMainMenu
[2019.11.09-09.58.31:320][  0]LogEditorServer: Finished looking for orphan Actors (0.000 secs)
[2019.11.09-09.58.31:379][  0]LogUObjectHash: Compacting FUObjectHashTables data took   4.88ms
[2019.11.09-09.58.31:380][  0]Cmd: MAP CHECKDEP NOCLEARLOG
[2019.11.09-09.58.31:380][  0]MapCheck: Map check complete: 0 Error(s), 0 Warning(s), took 0.437ms to complete.
[2019.11.09-09.58.31:380][  0]LogFileHelpers: Loading map 'multiplayerMainMenu' took 0.428
[2019.11.09-09.58.31:542][  0]LogSlate: Updating window title bar state: overlay mode, drag disabled, window buttons hidden, title bar hidden
[2019.11.09-09.58.31:555][  0]LogSlate: Updating window title bar state: overlay mode, drag disabled, window buttons hidden, title bar hidden
[2019.11.09-09.58.31:568][  0]LogSlate: Updating window title bar state: overlay mode, drag disabled, window buttons hidden, title bar hidden
[2019.11.09-09.58.31:581][  0]LogSlate: Updating window title bar state: overlay mode, drag disabled, window buttons hidden, title bar hidden
[2019.11.09-09.58.31:593][  0]LogCollectionManager: Loaded 0 collections in 0.003430 seconds
[2019.11.09-09.58.31:607][  0]LogFileCache: Scanning file cache for directory 'C:/Users/Mawie/Documents/Ruler/Saved/Collections/' took 0.00s
[2019.11.09-09.58.31:607][  0]LogFileCache: Scanning file cache for directory 'C:/Users/Mawie/Documents/Ruler/Content/Developers/Mawie/Collections/' took 0.00s
[2019.11.09-09.58.31:607][  0]LogFileCache: Scanning file cache for directory 'C:/Users/Mawie/Documents/Ruler/Content/Collections/' took 0.00s
[2019.11.09-09.58.31:607][  0]LogCollectionManager: Rebuilt the GUID cache for 0 collections in 0.000002 seconds
[2019.11.09-09.58.31:623][  0]LogContentBrowser: Native class hierarchy populated in 0.0157 seconds. Added 2914 classes and 706 folders.
[2019.11.09-09.58.31:636][  0]LogContentBrowser: Native class hierarchy updated for 'WidgetCarousel' in 0.0005 seconds. Added 0 classes and 0 folders.
[2019.11.09-09.58.31:738][  0]LogContentBrowser: Native class hierarchy updated for 'AddContentDialog' in 0.0006 seconds. Added 0 classes and 0 folders.
[2019.11.09-09.58.31:748][  0]LogContentBrowser: Native class hierarchy updated for 'SceneOutliner' in 0.0006 seconds. Added 1 classes and 2 folders.
[2019.11.09-09.58.31:839][  0]LogSlate: Took 0.000390 seconds to synchronously load lazily loaded font '../../../Engine/Content/Slate/Fonts/Roboto-Regular.ttf' (155K)
[2019.11.09-09.58.31:843][  0]LogSlate: Took 0.000394 seconds to synchronously load lazily loaded font '../../../Engine/Content/Slate/Fonts/Roboto-Bold.ttf' (160K)
[2019.11.09-09.58.31:851][  0]LogSlate: Took 0.000301 seconds to synchronously load lazily loaded font '../../../Engine/Content/Editor/Slate/Fonts/FontAwesome.ttf' (139K)
[2019.11.09-09.58.31:976][  0]LogRenderer: Reallocating scene render targets to support 964x460 Format 10 NumSamples 1 (Frame:1).
[2019.11.09-09.58.32:188][  0]LogContentBrowser: Native class hierarchy updated for 'HierarchicalLODOutliner' in 0.0007 seconds. Added 0 classes and 0 folders.
[2019.11.09-09.58.32:188][  0]LogLoad: (Engine Initialization) Total time: 18.01 seconds
[2019.11.09-09.58.32:189][  0]LogLoad: (Engine Initialization) Total Blueprint compile time: 0.00 seconds
[2019.11.09-09.58.32:264][  0]LogContentStreaming: Texture pool size now 1000 MB
[2019.11.09-09.58.32:286][  0]LogSlate: Took 0.000633 seconds to synchronously load lazily loaded font '../../../Engine/Content/Slate/Fonts/Roboto-Light.ttf' (167K)
[2019.11.09-09.58.32:511][  3]LogAssetRegistry: Asset discovery search completed in 9.8221 seconds
[2019.11.09-09.58.32:519][  3]LogCollectionManager: Rebuilt the object cache for 0 collections in 0.000007 seconds (found 0 objects)
[2019.11.09-09.58.32:519][  3]LogCollectionManager: Fixed up redirectors for 0 collections in 0.000096 seconds (updated 0 objects)
[2019.11.09-09.58.59:422][505]LogSlate: FSceneViewport::OnFocusLost() reason 0
[2019.11.09-09.58.59:768][523]LogUObjectHash: Compacting FUObjectHashTables data took   0.92ms
[2019.11.09-09.58.59:870][523]LogSlate: Window 'Ruler - Unreal Editor' being destroyed
[2019.11.09-09.58.59:871][523]LogWindowsTextInputMethodSystem: Display: IME system now deactivated.
[2019.11.09-09.59.00:090][524]Cmd: QUIT_EDITOR
[2019.11.09-09.59.00:152][524]LogExit: Preparing to exit.
[2019.11.09-09.59.00:211][524]LogUObjectHash: Compacting FUObjectHashTables data took   4.54ms
[2019.11.09-09.59.00:354][524]LogDemo: Cleaned up 0 splitscreen connections with owner deletion
[2019.11.09-09.59.00:369][524]LogWorld: UWorld::CleanupWorld for None, bSessionEnded=true, bCleanupResources=true
[2019.11.09-09.59.00:369][524]LogExit: Editor shut down
[2019.11.09-09.59.00:370][524]LogExit: Transaction tracking system shut down
[2019.11.09-09.59.00:653][524]LogExit: Object subsystem successfully closed.
[2019.11.09-09.59.00:687][524]LogShaderCompilers: Display: Shaders left to compile 0
[2019.11.09-09.59.00:755][524]LogModuleManager: Shutting down and abandoning module HierarchicalLODOutliner (690)
[2019.11.09-09.59.00:755][524]LogModuleManager: Shutting down and abandoning module SceneOutliner (688)
[2019.11.09-09.59.00:755][524]LogModuleManager: Shutting down and abandoning module AddContentDialog (686)
[2019.11.09-09.59.00:755][524]LogModuleManager: Shutting down and abandoning module WidgetCarousel (685)
[2019.11.09-09.59.00:756][524]LogModuleManager: Shutting down and abandoning module EditorWidgets (682)
[2019.11.09-09.59.00:756][524]LogModuleManager: Shutting down and abandoning module CollectionManager (680)
[2019.11.09-09.59.00:756][524]LogModuleManager: Shutting down and abandoning module StatsViewer (678)
[2019.11.09-09.59.00:756][524]LogModuleManager: Shutting down and abandoning module VirtualTexturingEditor (676)
[2019.11.09-09.59.00:756][524]LogModuleManager: Shutting down and abandoning module FoliageEdit (674)
[2019.11.09-09.59.00:756][524]LogModuleManager: Shutting down and abandoning module LandscapeEditor (672)
[2019.11.09-09.59.00:757][524]LogModuleManager: Shutting down and abandoning module MeshPaintMode (670)
[2019.11.09-09.59.00:757][524]LogModuleManager: Shutting down and abandoning module SceneDepthPickerMode (668)
[2019.11.09-09.59.00:757][524]LogModuleManager: Shutting down and abandoning module ActorPickerMode (666)
[2019.11.09-09.59.00:757][524]LogModuleManager: Shutting down and abandoning module GeometryMode (664)
[2019.11.09-09.59.00:757][524]LogModuleManager: Shutting down and abandoning module TextureAlignMode (662)
[2019.11.09-09.59.00:757][524]LogModuleManager: Shutting down and abandoning module BspMode (660)
[2019.11.09-09.59.00:757][524]LogModuleManager: Shutting down and abandoning module PIEPreviewDeviceProfileSelector (658)
[2019.11.09-09.59.00:757][524]LogModuleManager: Shutting down and abandoning module SequenceRecorderSections (656)
[2019.11.09-09.59.00:757][524]LogModuleManager: Shutting down and abandoning module AutomationWorker (654)
[2019.11.09-09.59.00:757][524]LogModuleManager: Shutting down and abandoning module OculusMR (652)
[2019.11.09-09.59.00:757][524]LogModuleManager: Shutting down and abandoning module AudioCaptureEditor (650)
[2019.11.09-09.59.00:757][524]LogModuleManager: Shutting down and abandoning module MatineeToLevelSequence (648)
[2019.11.09-09.59.00:757][524]LogModuleManager: Shutting down and abandoning module LevelSequenceEditor (646)
[2019.11.09-09.59.00:757][524]LogModuleManager: Shutting down and abandoning module PlacementMode (645)
[2019.11.09-09.59.00:758][524]LogModuleManager: Shutting down and abandoning module MaterialEditor (644)
[2019.11.09-09.59.00:758][524]LogModuleManager: Shutting down and abandoning module ActorSequenceEditor (640)
[2019.11.09-09.59.00:758][524]LogModuleManager: Shutting down and abandoning module WmfMediaFactory (638)
[2019.11.09-09.59.00:758][524]LogModuleManager: Shutting down and abandoning module WmfMediaEditor (636)
[2019.11.09-09.59.00:758][524]LogModuleManager: Shutting down and abandoning module WebMMediaFactory (634)
[2019.11.09-09.59.00:758][524]LogModuleManager: Shutting down and abandoning module WebMMediaEditor (632)
[2019.11.09-09.59.00:758][524]LogModuleManager: Shutting down and abandoning module WebMMedia (630)
[2019.11.09-09.59.00:758][524]LogModuleManager: Shutting down and abandoning module MediaPlayerEditor (628)
[2019.11.09-09.59.00:758][524]LogModuleManager: Shutting down and abandoning module MediaCompositingEditor (626)
[2019.11.09-09.59.00:758][524]LogModuleManager: Shutting down and abandoning module SequenceRecorder (625)
[2019.11.09-09.59.00:758][524]LogModuleManager: Shutting down and abandoning module OpenExrWrapper (622)
[2019.11.09-09.59.00:758][524]LogModuleManager: Shutting down and abandoning module ImgMediaFactory (620)
[2019.11.09-09.59.00:758][524]LogModuleManager: Shutting down and abandoning module ImgMediaEditor (618)
[2019.11.09-09.59.00:758][524]LogModuleManager: Shutting down and abandoning module AvfMediaFactory (616)
[2019.11.09-09.59.00:758][524]LogModuleManager: Shutting down and abandoning module AvfMediaEditor (614)
[2019.11.09-09.59.00:758][524]LogModuleManager: Shutting down and abandoning module AndroidMediaFactory (612)
[2019.11.09-09.59.00:758][524]LogModuleManager: Shutting down and abandoning module AndroidMediaEditor (610)
[2019.11.09-09.59.00:758][524]LogModuleManager: Shutting down and abandoning module FactionsEditor (608)
[2019.11.09-09.59.00:758][524]LogFactionsEditor: FactionsEditor: Log Ended
[2019.11.09-09.59.00:758][524]LogModuleManager: Shutting down and abandoning module MagicLeapCameraPreviewFactory (606)
[2019.11.09-09.59.00:758][524]LogModuleManager: Shutting down and abandoning module MagicLeapMediaCodecFactory (604)
[2019.11.09-09.59.00:758][524]LogModuleManager: Shutting down and abandoning module MagicLeapMediaFactory (602)
[2019.11.09-09.59.00:758][524]LogModuleManager: Shutting down and abandoning module MagicLeapMediaEditor (600)
[2019.11.09-09.59.00:759][524]LogModuleManager: Shutting down and abandoning module CharacterAI (598)
[2019.11.09-09.59.00:759][524]LogModuleManager: Shutting down and abandoning module SmartSnapping (596)
[2019.11.09-09.59.00:759][524]LogModuleManager: Shutting down and abandoning module SessionServices (594)
[2019.11.09-09.59.00:759][524]LogModuleManager: Shutting down and abandoning module MeshPaint (592)
[2019.11.09-09.59.00:759][524]LogModuleManager: Shutting down and abandoning module ViewportSnapping (590)
[2019.11.09-09.59.00:759][524]LogModuleManager: Shutting down and abandoning module ViewportInteraction (588)
[2019.11.09-09.59.00:759][524]LogModuleManager: Shutting down and abandoning module ClothPainter (586)
[2019.11.09-09.59.00:759][524]LogModuleManager: Shutting down and abandoning module SkeletalMeshEditor (585)
[2019.11.09-09.59.00:759][524]LogModuleManager: Shutting down and abandoning module LogVisualizer (582)
[2019.11.09-09.59.00:759][524]LogModuleManager: Shutting down and abandoning module IntroTutorials (580)
[2019.11.09-09.59.00:759][524]LogModuleManager: Shutting down and abandoning module GameProjectGeneration (579)
[2019.11.09-09.59.00:759][524]LogModuleManager: Shutting down and abandoning module LuminPlatformEditor (576)
[2019.11.09-09.59.00:759][524]LogModuleManager: Shutting down and abandoning module IOSPlatformEditor (574)
[2019.11.09-09.59.00:759][524]LogModuleManager: Shutting down and abandoning module HTML5PlatformEditor (572)
[2019.11.09-09.59.00:759][524]LogModuleManager: Shutting down and abandoning module AndroidPlatformEditor (570)
[2019.11.09-09.59.00:759][524]LogModuleManager: Shutting down and abandoning module AndroidDeviceDetection (569)
[2019.11.09-09.59.01:114][524]LogModuleManager: Shutting down and abandoning module WindowsPlatformEditor (566)
[2019.11.09-09.59.01:114][524]LogModuleManager: Shutting down and abandoning module LuminRuntimeSettings (564)
[2019.11.09-09.59.01:114][524]LogModuleManager: Shutting down and abandoning module IOSRuntimeSettings (562)
[2019.11.09-09.59.01:114][524]LogModuleManager: Shutting down and abandoning module AndroidRuntimeSettings (560)
[2019.11.09-09.59.01:114][524]LogModuleManager: Shutting down and abandoning module TimeManagementEditor (558)
[2019.11.09-09.59.01:114][524]LogModuleManager: Shutting down and abandoning module InputBindingEditor (556)
[2019.11.09-09.59.01:114][524]LogModuleManager: Shutting down and abandoning module MergeActors (554)
[2019.11.09-09.59.01:114][524]LogModuleManager: Shutting down and abandoning module LocalizationDashboard (552)
[2019.11.09-09.59.01:114][524]LogModuleManager: Shutting down and abandoning module LocalizationService (551)
[2019.11.09-09.59.01:114][524]LogModuleManager: Shutting down and abandoning module HardwareTargeting (548)
[2019.11.09-09.59.01:114][524]LogModuleManager: Shutting down and abandoning module DeviceProfileEditor (546)
[2019.11.09-09.59.01:114][524]LogModuleManager: Shutting down and abandoning module UndoHistory (544)
[2019.11.09-09.59.01:114][524]LogModuleManager: Shutting down and abandoning module XmlParser (542)
[2019.11.09-09.59.01:114][524]LogModuleManager: Shutting down and abandoning module Blutility (540)
[2019.11.09-09.59.01:114][524]LogModuleManager: Shutting down and abandoning module ProjectSettingsViewer (538)
[2019.11.09-09.59.01:114][524]LogModuleManager: Shutting down and abandoning module ProjectTargetPlatformEditor (537)
[2019.11.09-09.59.01:114][524]LogModuleManager: Shutting down and abandoning module EditorSettingsViewer (534)
[2019.11.09-09.59.01:115][524]LogModuleManager: Shutting down and abandoning module SettingsEditor (532)
[2019.11.09-09.59.01:115][524]LogModuleManager: Shutting down and abandoning module ProjectLauncher (530)
[2019.11.09-09.59.01:115][524]LogModuleManager: Shutting down and abandoning module SessionFrontend (528)
[2019.11.09-09.59.01:115][524]LogModuleManager: Shutting down and abandoning module ProfilerClient (526)
[2019.11.09-09.59.01:115][524]LogModuleManager: Shutting down and abandoning module DeviceManager (524)
[2019.11.09-09.59.01:115][524]LogModuleManager: Shutting down and abandoning module TargetDeviceServices (523)
[2019.11.09-09.59.01:170][524]LogModuleManager: Shutting down and abandoning module AutomationController (520)
[2019.11.09-09.59.01:170][524]LogModuleManager: Shutting down and abandoning module AutomationWindow (518)
[2019.11.09-09.59.01:170][524]LogModuleManager: Shutting down and abandoning module Layers (516)
[2019.11.09-09.59.01:170][524]LogModuleManager: Shutting down and abandoning module ComponentVisualizers (514)
[2019.11.09-09.59.01:170][524]LogModuleManager: Shutting down and abandoning module DetailCustomizations (512)
[2019.11.09-09.59.01:170][524]LogModuleManager: Shutting down and abandoning module PackagesDialog (510)
[2019.11.09-09.59.01:170][524]LogModuleManager: Shutting down and abandoning module AnimationBlueprintEditor (508)
[2019.11.09-09.59.01:170][524]LogModuleManager: Shutting down and abandoning module Persona (506)
[2019.11.09-09.59.01:171][524]LogModuleManager: Shutting down and abandoning module AdvancedPreviewScene (505)
[2019.11.09-09.59.01:171][524]LogModuleManager: Shutting down and abandoning module AnimGraph (503)
[2019.11.09-09.59.01:171][524]LogModuleManager: Shutting down and abandoning module Kismet (500)
[2019.11.09-09.59.01:171][524]LogModuleManager: Shutting down and abandoning module KismetWidgets (499)
[2019.11.09-09.59.01:171][524]LogModuleManager: Shutting down and abandoning module GraphEditor (496)
[2019.11.09-09.59.01:172][524]LogModuleManager: Shutting down and abandoning module StructViewer (494)
[2019.11.09-09.59.01:172][524]LogModuleManager: Shutting down and abandoning module ClassViewer (492)
[2019.11.09-09.59.01:172][524]LogModuleManager: Shutting down and abandoning module Toolbox (490)
[2019.11.09-09.59.01:172][524]LogModuleManager: Shutting down and abandoning module DesktopPlatform (489)
[2019.11.09-09.59.01:172][524]LogModuleManager: Shutting down and abandoning module ModuleUI (486)
[2019.11.09-09.59.01:172][524]LogModuleManager: Shutting down and abandoning module MovieSceneTools (484)
[2019.11.09-09.59.01:172][524]LogModuleManager: Shutting down and abandoning module OutputLog (482)
[2019.11.09-09.59.01:172][524]LogModuleManager: Shutting down and abandoning module GammaUI (480)
[2019.11.09-09.59.01:172][524]LogModuleManager: Shutting down and abandoning module Documentation (478)
[2019.11.09-09.59.01:172][524]LogModuleManager: Shutting down and abandoning module LiveCoding (476)
[2019.11.09-09.59.01:172][524]LogModuleManager: Shutting down and abandoning module LevelSequence (474)
[2019.11.09-09.59.01:172][524]LogModuleManager: Shutting down and abandoning module MovieSceneTracks (472)
[2019.11.09-09.59.01:172][524]LogModuleManager: Shutting down and abandoning module MovieScene (470)
[2019.11.09-09.59.01:172][524]LogModuleManager: Shutting down and abandoning module StreamingPauseRendering (468)
[2019.11.09-09.59.01:172][524]LogModuleManager: Shutting down and abandoning module LauncherPlatform (466)
[2019.11.09-09.59.01:173][524]LogModuleManager: Shutting down and abandoning module AnalyticsET (464)
[2019.11.09-09.59.01:173][524]LogModuleManager: Shutting down and abandoning module PortalServices (462)
[2019.11.09-09.59.01:173][524]LogModuleManager: Shutting down and abandoning module PortalRpc (460)
[2019.11.09-09.59.01:173][524]LogModuleManager: Shutting down and abandoning module MessagingRpc (458)
[2019.11.09-09.59.01:173][524]LogModuleManager: Shutting down and abandoning module AIModule (456)
[2019.11.09-09.59.01:173][524]LogModuleManager: Shutting down and abandoning module GameplayDebugger (455)
[2019.11.09-09.59.01:173][524]LogModuleManager: Shutting down and abandoning module AITestSuite (453)
[2019.11.09-09.59.01:173][524]LogModuleManager: Shutting down and abandoning module NavigationSystem (451)
[2019.11.09-09.59.01:173][524]LogModuleManager: Shutting down and abandoning module ImageWriteQueue (448)
[2019.11.09-09.59.01:179][524]LogModuleManager: Shutting down and abandoning module ProfilerService (446)
[2019.11.09-09.59.01:289][524]LogModuleManager: Shutting down and abandoning module TaskGraph (444)
[2019.11.09-09.59.01:289][524]LogModuleManager: Shutting down and abandoning module ScreenshotTools (442)
[2019.11.09-09.59.01:289][524]LogModuleManager: Shutting down and abandoning module SteamVRController (440)
[2019.11.09-09.59.01:289][524]LogModuleManager: Shutting down and abandoning module ProceduralMeshComponentEditor (438)
[2019.11.09-09.59.01:289][524]LogModuleManager: Shutting down and abandoning module ProceduralMeshComponent (436)
[2019.11.09-09.59.01:289][524]LogModuleManager: Shutting down and abandoning module OculusEditor (434)
[2019.11.09-09.59.01:289][524]LogModuleManager: Shutting down and abandoning module OculusInput (432)
[2019.11.09-09.59.01:289][524]LogModuleManager: Shutting down and abandoning module MobilePatchingUtils (430)
[2019.11.09-09.59.01:289][524]LogModuleManager: Shutting down and abandoning module EditableMesh (428)
[2019.11.09-09.59.01:289][524]LogModuleManager: Shutting down and abandoning module CustomMeshComponent (426)
[2019.11.09-09.59.01:289][524]LogModuleManager: Shutting down and abandoning module CableComponent (424)
[2019.11.09-09.59.01:289][524]LogModuleManager: Shutting down and abandoning module AudioCapture (422)
[2019.11.09-09.59.01:289][524]LogModuleManager: Shutting down and abandoning module ArchVisCharacter (420)
[2019.11.09-09.59.01:289][524]LogModuleManager: Shutting down and abandoning module AppleImageUtilsBlueprintSupport (418)
[2019.11.09-09.59.01:289][524]LogModuleManager: Shutting down and abandoning module AppleImageUtils (416)
[2019.11.09-09.59.01:289][524]LogModuleManager: Shutting down and abandoning module AndroidPermission (414)
[2019.11.09-09.59.01:289][524]LogModuleManager: Shutting down and abandoning module PerformanceMonitor (412)
[2019.11.09-09.59.01:289][524]LogModuleManager: Shutting down and abandoning module NUTUnrealEngine4 (410)
[2019.11.09-09.59.01:289][524]LogModuleManager: Shutting down and abandoning module NetcodeUnitTest (408)
[2019.11.09-09.59.01:289][524]LogModuleManager: Shutting down and abandoning module MediaCompositing (406)
[2019.11.09-09.59.01:289][524]LogModuleManager: Shutting down and abandoning module ImgMedia (404)
[2019.11.09-09.59.01:289][524]LogModuleManager: Shutting down and abandoning module MagicLeapHelperVulkan (402)
[2019.11.09-09.59.01:289][524]LogModuleManager: Shutting down and abandoning module MagicLeapHelperOpenGL (400)
[2019.11.09-09.59.01:289][524]LogModuleManager: Shutting down and abandoning module MagicLeapAudio (398)
[2019.11.09-09.59.01:289][524]LogModuleManager: Shutting down and abandoning module HTML5Networking (396)
[2019.11.09-09.59.01:289][524]LogModuleManager: Shutting down and abandoning module GeometryCacheTracks (394)
[2019.11.09-09.59.01:289][524]LogModuleManager: Shutting down and abandoning module GeometryCacheSequencer (392)
[2019.11.09-09.59.01:289][524]LogModuleManager: Shutting down and abandoning module BlueprintStats (390)
[2019.11.09-09.59.01:289][524]LogModuleManager: Shutting down and abandoning module BackChannel (388)
[2019.11.09-09.59.01:289][524]LogModuleManager: Shutting down and abandoning module AutomationUtilsEditor (386)
[2019.11.09-09.59.01:289][524]LogModuleManager: Shutting down and abandoning module AutomationUtils (384)
[2019.11.09-09.59.01:290][524]LogModuleManager: Shutting down and abandoning module AlembicImporter (382)
[2019.11.09-09.59.01:290][524]LogModuleManager: Shutting down and abandoning module AlembicLibrary (381)
[2019.11.09-09.59.01:290][524]LogModuleManager: Shutting down and abandoning module GeometryCache (380)
[2019.11.09-09.59.01:290][524]LogModuleManager: Shutting down and abandoning module GeometryCacheEd (379)
[2019.11.09-09.59.01:290][524]LogModuleManager: Shutting down and abandoning module VariantManagerContent (374)
[2019.11.09-09.59.01:290][524]LogModuleManager: Shutting down and abandoning module DatasmithContentEditor (372)
[2019.11.09-09.59.01:290][524]LogModuleManager: Shutting down and abandoning module SpeedTreeImporter (370)
[2019.11.09-09.59.01:290][524]LogModuleManager: Shutting down and abandoning module PluginBrowser (368)
[2019.11.09-09.59.01:290][524]LogModuleManager: Shutting down and abandoning module MobileLauncherProfileWizard (366)
[2019.11.09-09.59.01:290][524]LogModuleManager: Shutting down and abandoning module MaterialAnalyzer (364)
[2019.11.09-09.59.01:290][524]LogModuleManager: Shutting down and abandoning module EditorScriptingUtilities (362)
[2019.11.09-09.59.01:290][524]LogModuleManager: Shutting down and abandoning module CurveEditorTools (360)
[2019.11.09-09.59.01:290][524]LogModuleManager: Shutting down and abandoning module CurveEditor (359)
[2019.11.09-09.59.01:290][524]LogModuleManager: Shutting down and abandoning module CryptoKeysOpenSSL (356)
[2019.11.09-09.59.01:290][524]LogModuleManager: Shutting down and abandoning module CryptoKeys (354)
[2019.11.09-09.59.01:290][524]LogModuleManager: Shutting down and abandoning module VisualStudioSourceCodeAccess (352)
[2019.11.09-09.59.01:290][524]LogModuleManager: Shutting down and abandoning module VisualStudioCodeSourceCodeAccess (350)
[2019.11.09-09.59.01:291][524]LogModuleManager: Shutting down and abandoning module UObjectPlugin (348)
[2019.11.09-09.59.01:291][524]LogModuleManager: Shutting down and abandoning module SubversionSourceControl (346)
[2019.11.09-09.59.01:291][524]LogModuleManager: Shutting down and abandoning module PerforceSourceControl (344)
[2019.11.09-09.59.01:291][524]LogModuleManager: Shutting down and abandoning module GitSourceControl (342)
[2019.11.09-09.59.01:291][524]LogModuleManager: Shutting down and abandoning module SourceControl (341)
[2019.11.09-09.59.01:291][524]LogModuleManager: Shutting down and abandoning module CLionSourceCodeAccess (338)
[2019.11.09-09.59.01:291][524]LogModuleManager: Shutting down and abandoning module AnimationSharingEd (336)
[2019.11.09-09.59.01:291][524]LogModuleManager: Shutting down and abandoning module ActorLayerUtilitiesEditor (334)
[2019.11.09-09.59.01:291][524]LogModuleManager: Shutting down and abandoning module ActorLayerUtilities (332)
[2019.11.09-09.59.01:291][524]LogModuleManager: Shutting down and abandoning module LightPropagationVolumeEditor (330)
[2019.11.09-09.59.01:291][524]LogModuleManager: Shutting down and abandoning module PaperTiledImporter (328)
[2019.11.09-09.59.01:291][524]LogModuleManager: Shutting down and abandoning module PaperSpriteSheetImporter (326)
[2019.11.09-09.59.01:291][524]LogModuleManager: Shutting down and abandoning module Paper2DEditor (324)
[2019.11.09-09.59.01:291][524]LogModuleManager: Shutting down and abandoning module PrototypeSurvivalCpp (322)
[2019.11.09-09.59.01:291][524]LogModuleManager: Shutting down and abandoning module AdvancedSteamSessions (320)
[2019.11.09-09.59.01:291][524]LogModuleManager: Shutting down and abandoning module AdvancedSessions (318)
[2019.11.09-09.59.01:291][524]LogModuleManager: Shutting down and abandoning module SignificanceManager (316)
[2019.11.09-09.59.01:291][524]LogModuleManager: Shutting down and abandoning module RuntimePhysXCooking (314)
[2019.11.09-09.59.01:291][524]LogModuleManager: Shutting down and abandoning module PhysXVehiclesEditor (312)
[2019.11.09-09.59.01:291][524]LogModuleManager: Shutting down and abandoning module LocationServicesBPLibrary (308)
[2019.11.09-09.59.01:291][524]LogModuleManager: Shutting down and abandoning module ActorSequence (306)
[2019.11.09-09.59.01:291][524]LogModuleManager: Shutting down and abandoning module UdpMessaging (304)
[2019.11.09-09.59.01:392][524]LogModuleManager: Shutting down and abandoning module TcpMessaging (302)
[2019.11.09-09.59.01:493][524]LogModuleManager: Shutting down and abandoning module Factions (300)
[2019.11.09-09.59.01:493][524]LogFactions: Factions: Log Ended
[2019.11.09-09.59.01:493][524]LogModuleManager: Shutting down and abandoning module MagicLeapIdentity (298)
[2019.11.09-09.59.01:493][524]LogModuleManager: Shutting down and abandoning module MagicLeapSecureStorage (296)
[2019.11.09-09.59.01:493][524]LogModuleManager: Shutting down and abandoning module MagicLeapHandTracking (294)
[2019.11.09-09.59.01:493][524]LogModuleManager: Shutting down and abandoning module MagicLeapEyeTracker (292)
[2019.11.09-09.59.01:493][524]LogModuleManager: Shutting down and abandoning module MagicLeapController (290)
[2019.11.09-09.59.01:493][524]LogSlate: Slate User Destroyed.  User Index 0, Is Virtual User: 0
[2019.11.09-09.59.01:493][524]LogModuleManager: Shutting down and abandoning module MagicLeapAR (288)
[2019.11.09-09.59.01:493][524]LogModuleManager: Shutting down and abandoning module AugmentedReality (287)
[2019.11.09-09.59.01:493][524]LogModuleManager: Shutting down and abandoning module PythonScriptPlugin (284)
[2019.11.09-09.59.01:493][524]LogModuleManager: Shutting down and abandoning module GameplayTagsEditor (282)
[2019.11.09-09.59.01:493][524]LogModuleManager: Shutting down and abandoning module FacialAnimationEditor (280)
[2019.11.09-09.59.01:493][524]LogModuleManager: Shutting down and abandoning module FacialAnimation (278)
[2019.11.09-09.59.01:493][524]LogModuleManager: Shutting down and abandoning module DataValidation (276)
[2019.11.09-09.59.01:493][524]LogModuleManager: Shutting down and abandoning module AssetManagerEditor (274)
[2019.11.09-09.59.01:493][524]LogModuleManager: Shutting down and abandoning module LevelEditor (273)
[2019.11.09-09.59.01:494][524]LogModuleManager: Shutting down and abandoning module PixelInspectorModule (272)
[2019.11.09-09.59.01:494][524]LogModuleManager: Shutting down and abandoning module CommonMenuExtensions (270)
[2019.11.09-09.59.01:495][524]LogModuleManager: Shutting down and abandoning module MainFrame (268)
[2019.11.09-09.59.01:495][524]LogModuleManager: Shutting down and abandoning module HotReload (267)
[2019.11.09-09.59.01:496][524]LogModuleManager: Shutting down and abandoning module ContentBrowser (263)
[2019.11.09-09.59.01:497][524]LogModuleManager: Shutting down and abandoning module TreeMap (261)
[2019.11.09-09.59.01:497][524]LogModuleManager: Shutting down and abandoning module AnimationSharing (258)
[2019.11.09-09.59.01:497][524]LogModuleManager: Shutting down and abandoning module LightPropagationVolumeRuntime (256)
[2019.11.09-09.59.01:497][524]LogModuleManager: Shutting down and abandoning module Paper2D (254)
[2019.11.09-09.59.01:497][524]LogModuleManager: Shutting down and abandoning module WindowsMoviePlayer (252)
[2019.11.09-09.59.01:498][524]LogModuleManager: Shutting down and abandoning module WebMMoviePlayer (250)
[2019.11.09-09.59.01:498][524]LogModuleManager: Shutting down and abandoning module NetworkReplayStreaming (248)
[2019.11.09-09.59.01:498][524]LogModuleManager: Shutting down and abandoning module PacketHandler (246)
[2019.11.09-09.59.01:498][524]LogModuleManager: Shutting down and abandoning module ClothingSystemEditor (244)
[2019.11.09-09.59.01:498][524]LogModuleManager: Shutting down and abandoning module ClothingSystemRuntime (242)
[2019.11.09-09.59.01:498][524]LogModuleManager: Shutting down and abandoning module MediaAssets (240)
[2019.11.09-09.59.01:498][524]LogModuleManager: Shutting down and abandoning module Overlay (238)
[2019.11.09-09.59.01:498][524]LogModuleManager: Shutting down and abandoning module OverlayEditor (237)
[2019.11.09-09.59.01:498][524]LogModuleManager: Shutting down and abandoning module VREditor (234)
[2019.11.09-09.59.01:498][524]LogModuleManager: Shutting down and abandoning module StringTableEditor (232)
[2019.11.09-09.59.01:498][524]LogModuleManager: Shutting down and abandoning module GameplayTasksEditor (230)
[2019.11.09-09.59.01:498][524]LogModuleManager: Shutting down and abandoning module BehaviorTreeEditor (228)
[2019.11.09-09.59.01:498][524]LogModuleManager: Shutting down and abandoning module FunctionalTesting (226)
[2019.11.09-09.59.01:498][524]LogModuleManager: Shutting down and abandoning module CollisionAnalyzer (224)
[2019.11.09-09.59.01:498][524]LogModuleManager: Shutting down and abandoning module WorkspaceMenuStructure (223)
[2019.11.09-09.59.01:498][524]LogModuleManager: Shutting down and abandoning module UMG (220)
[2019.11.09-09.59.01:499][524]LogModuleManager: Shutting down and abandoning module UMGEditor (219)
[2019.11.09-09.59.01:499][524]LogModuleManager: Shutting down and abandoning module Sequencer (218)
[2019.11.09-09.59.01:499][524]LogModuleManager: Shutting down and abandoning module MessageLog (215)
[2019.11.09-09.59.01:499][524]LogModuleManager: Shutting down and abandoning module SlateReflector (210)
[2019.11.09-09.59.01:499][524]LogModuleManager: Shutting down and abandoning module Slate (208)
[2019.11.09-09.59.01:499][524]LogModuleManager: Shutting down and abandoning module LandscapeEditorUtilities (206)
[2019.11.09-09.59.01:499][524]LogModuleManager: Shutting down and abandoning module EditorStyle (204)
[2019.11.09-09.59.01:501][524]LogModuleManager: Shutting down and abandoning module UnrealEd (202)
[2019.11.09-09.59.01:501][524]LogModuleManager: Shutting down and abandoning module MRMesh (200)
[2019.11.09-09.59.01:501][524]LogModuleManager: Shutting down and abandoning module SourceCodeAccess (198)
[2019.11.09-09.59.01:501][524]LogModuleManager: Shutting down and abandoning module HeadMountedDisplay (196)
[2019.11.09-09.59.01:501][524]LogModuleManager: Shutting down and abandoning module XAudio2 (194)
[2019.11.09-09.59.01:501][524]LogModuleManager: Shutting down and abandoning module Networking (192)
[2019.11.09-09.59.01:501][524]LogModuleManager: Shutting down and abandoning module Core (190)
[2019.11.09-09.59.01:501][524]LogModuleManager: Shutting down and abandoning module KismetCompiler (188)
[2019.11.09-09.59.01:501][524]LogModuleManager: Shutting down and abandoning module MeshUtilities (186)
[2019.11.09-09.59.01:501][524]LogModuleManager: Shutting down and abandoning module MeshMergeUtilities (185)
[2019.11.09-09.59.01:501][524]LogModuleManager: Shutting down and abandoning module MeshReductionInterface (184)
[2019.11.09-09.59.01:501][524]LogModuleManager: Shutting down and abandoning module SkeletalMeshReduction (183)
[2019.11.09-09.59.01:501][524]LogModuleManager: Shutting down and abandoning module ProxyLODMeshReduction (181)
[2019.11.09-09.59.01:501][524]LogModuleManager: Shutting down and abandoning module QuadricMeshReduction (179)
[2019.11.09-09.59.01:501][524]LogModuleManager: Shutting down and abandoning module MaterialBaking (175)
[2019.11.09-09.59.01:501][524]LogModuleManager: Shutting down and abandoning module NullInstallBundleManager (170)
[2019.11.09-09.59.01:501][524]LogModuleManager: Shutting down and abandoning module DerivedDataCache (168)
[2019.11.09-09.59.01:621][524]LogDerivedDataCache: Shutdown
[2019.11.09-09.59.01:621][524]LogModuleManager: Shutting down and abandoning module XGEController (166)
[2019.11.09-09.59.01:621][524]LogXGEController: Cleaning working directory: C:/Users/Mawie/AppData/Local/Temp/UnrealXGEWorkingDir/
[2019.11.09-09.59.01:621][524]LogModuleManager: Shutting down and abandoning module TargetPlatform (164)
[2019.11.09-09.59.01:621][524]LogModuleManager: Shutting down and abandoning module VulkanShaderFormat (163)
[2019.11.09-09.59.01:621][524]LogModuleManager: Shutting down and abandoning module ShaderFormatVectorVM (161)
[2019.11.09-09.59.01:621][524]LogModuleManager: Shutting down and abandoning module ShaderFormatOpenGL (159)
[2019.11.09-09.59.01:622][524]LogModuleManager: Shutting down and abandoning module ShaderFormatD3D (157)
[2019.11.09-09.59.01:622][524]LogModuleManager: Shutting down and abandoning module MetalShaderFormat (155)
[2019.11.09-09.59.01:622][524]LogModuleManager: Shutting down and abandoning module TextureFormatUncompressed (153)
[2019.11.09-09.59.01:622][524]LogModuleManager: Shutting down and abandoning module TextureFormatPVR (151)
[2019.11.09-09.59.01:622][524]LogModuleManager: Shutting down and abandoning module TextureFormatDXT (149)
[2019.11.09-09.59.01:622][524]LogModuleManager: Shutting down and abandoning module TextureFormatIntelISPCTexComp (147)
[2019.11.09-09.59.01:622][524]LogModuleManager: Shutting down and abandoning module TextureFormatASTC (145)
[2019.11.09-09.59.01:622][524]LogModuleManager: Shutting down and abandoning module ImageWrapper (144)
[2019.11.09-09.59.01:622][524]LogModuleManager: Shutting down and abandoning module TextureFormatAndroid (141)
[2019.11.09-09.59.01:622][524]LogModuleManager: Shutting down and abandoning module AudioFormatOpus (139)
[2019.11.09-09.59.01:622][524]LogModuleManager: Shutting down and abandoning module AudioFormatOgg (137)
[2019.11.09-09.59.01:622][524]LogModuleManager: Shutting down and abandoning module AudioFormatADPCM (135)
[2019.11.09-09.59.01:622][524]LogModuleManager: Shutting down and abandoning module LuminTargetPlatform (133)
[2019.11.09-09.59.01:623][524]LogModuleManager: Shutting down and abandoning module LinuxTargetPlatform (131)
[2019.11.09-09.59.01:623][524]LogModuleManager: Shutting down and abandoning module LinuxServerTargetPlatform (129)
[2019.11.09-09.59.01:623][524]LogModuleManager: Shutting down and abandoning module LinuxNoEditorTargetPlatform (127)
[2019.11.09-09.59.01:623][524]LogModuleManager: Shutting down and abandoning module LinuxClientTargetPlatform (125)
[2019.11.09-09.59.01:623][524]LogModuleManager: Shutting down and abandoning module TVOSTargetPlatform (123)
[2019.11.09-09.59.01:624][524]LogModuleManager: Shutting down and abandoning module Messaging (121)
[2019.11.09-09.59.01:624][524]LogModuleManager: Shutting down and abandoning module IOSTargetPlatform (119)
[2019.11.09-09.59.01:625][524]LogModuleManager: Shutting down and abandoning module HTML5TargetPlatform (117)
[2019.11.09-09.59.01:625][524]LogModuleManager: Shutting down and abandoning module AndroidTargetPlatform (115)
[2019.11.09-09.59.01:636][524]LogModuleManager: Shutting down and abandoning module WindowsTargetPlatform (113)
[2019.11.09-09.59.01:636][524]LogModuleManager: Shutting down and abandoning module WindowsServerTargetPlatform (111)
[2019.11.09-09.59.01:636][524]LogModuleManager: Shutting down and abandoning module WindowsNoEditorTargetPlatform (109)
[2019.11.09-09.59.01:636][524]LogModuleManager: Shutting down and abandoning module WindowsClientTargetPlatform (107)
[2019.11.09-09.59.01:636][524]LogModuleManager: Shutting down and abandoning module MacTargetPlatform (105)
[2019.11.09-09.59.01:636][524]LogModuleManager: Shutting down and abandoning module MacServerTargetPlatform (103)
[2019.11.09-09.59.01:636][524]LogModuleManager: Shutting down and abandoning module MacNoEditorTargetPlatform (101)
[2019.11.09-09.59.01:636][524]LogModuleManager: Shutting down and abandoning module MacClientTargetPlatform (99)
[2019.11.09-09.59.01:636][524]LogModuleManager: Shutting down and abandoning module AllDesktopTargetPlatform (97)
[2019.11.09-09.59.01:636][524]LogModuleManager: Shutting down and abandoning module InputCore (94)
[2019.11.09-09.59.01:636][524]LogModuleManager: Shutting down and abandoning module Settings (92)
[2019.11.09-09.59.01:636][524]LogModuleManager: Shutting down and abandoning module DirectoryWatcher (90)
[2019.11.09-09.59.01:636][524]LogModuleManager: Shutting down and abandoning module PhysXCooking (88)
[2019.11.09-09.59.01:637][524]LogModuleManager: Shutting down and abandoning module WindowsPlatformFeatures (86)
[2019.11.09-09.59.01:637][524]LogModuleManager: Shutting down and abandoning module GameplayMediaEncoder (85)
[2019.11.09-09.59.01:637][524]LogModuleManager: Shutting down and abandoning module SteamVR (82)
[2019.11.09-09.59.01:637][524]LogHMD: Freeing OpenVRDLLHandle.
[2019.11.09-09.59.01:637][524]LogModuleManager: Shutting down and abandoning module OculusHMD (80)
[2019.11.09-09.59.01:637][524]LogModuleManager: Shutting down and abandoning module ExampleDeviceProfileSelector (78)
[2019.11.09-09.59.01:637][524]LogModuleManager: Shutting down and abandoning module LauncherChunkInstaller (76)
[2019.11.09-09.59.01:637][524]LogModuleManager: Shutting down and abandoning module OnlineBlueprintSupport (74)
[2019.11.09-09.59.01:637][524]LogModuleManager: Shutting down and abandoning module OnlineSubsystem (70)
[2019.11.09-09.59.01:638][524]LogModuleManager: Shutting down and abandoning module XMPP (63)
[2019.11.09-09.59.01:638][524]LogModuleManager: Shutting down and abandoning module WebSockets (62)
[2019.11.09-09.59.01:645][524]LogModuleManager: Shutting down and abandoning module HTTP (59)
[2019.11.09-09.59.01:645][524]LogHttp: Display: Http module shutting down, but needs to wait on 1 outstanding Http requests:
[2019.11.09-09.59.01:645][524]LogHttp: Display: 	verb=[POST] url=[https://datarouter.ol.epicgames.com/datarouter/api/v1/public/data?SessionID=%7B95E2059B-4E3C-6886-F5FD-CF876C2AFD54%7D&AppID=UEEditor.Rocket.Release&AppVersion=4.23.1-9631420%2B%2B%2BUE4%2BRelease-4.23&UserID=b5270d334dcfbdeb98db13ac695d159e%7Ceb5bc3ff46b348bdaf5fd7211c15d453%7C5b5d6d8f-7bba-4e31-923b-b9227ac88cd3&AppEnvironment=datacollector-binary&UploadType=eteventstream] status=Processing
[2019.11.09-09.59.01:655][524]LogModuleManager: Shutting down and abandoning module SSL (58)
[2019.11.09-09.59.01:658][524]LogModuleManager: Shutting down and abandoning module WmfMedia (54)
[2019.11.09-09.59.01:660][524]LogModuleManager: Shutting down and abandoning module Media (53)
[2019.11.09-09.59.01:661][524]LogModuleManager: Shutting down and abandoning module MagicLeap (50)
[2019.11.09-09.59.01:661][524]LogModuleManager: Shutting down and abandoning module DatasmithContent (48)
[2019.11.09-09.59.01:662][524]LogModuleManager: Shutting down and abandoning module AISupportModule (46)
[2019.11.09-09.59.01:662][524]LogModuleManager: Shutting down and abandoning module PythonScriptPluginPreload (44)
[2019.11.09-09.59.01:662][524]LogModuleManager: Shutting down and abandoning module PlatformCryptoOpenSSL (42)
[2019.11.09-09.59.01:662][524]LogModuleManager: Shutting down and abandoning module PlatformCrypto (40)
[2019.11.09-09.59.01:662][524]LogModuleManager: Shutting down and abandoning module AnimationModifiers (38)
[2019.11.09-09.59.01:662][524]LogModuleManager: Shutting down and abandoning module PropertyEditor (37)
[2019.11.09-09.59.01:662][524]LogModuleManager: Shutting down and abandoning module AudioEditor (34)
[2019.11.09-09.59.01:662][524]LogModuleManager: Shutting down and abandoning module TextureCompressor (32)
[2019.11.09-09.59.01:662][524]LogModuleManager: Shutting down and abandoning module RenderCore (30)
[2019.11.09-09.59.01:662][524]LogModuleManager: Shutting down and abandoning module Landscape (28)
[2019.11.09-09.59.01:662][524]LogModuleManager: Shutting down and abandoning module SlateRHIRenderer (26)
[2019.11.09-09.59.01:663][524]LogModuleManager: Shutting down and abandoning module OpenGLDrv (24)
[2019.11.09-09.59.01:663][524]LogModuleManager: Shutting down and abandoning module D3D11RHI (22)
[2019.11.09-09.59.01:663][524]LogModuleManager: Shutting down and abandoning module AnimGraphRuntime (20)
[2019.11.09-09.59.01:663][524]LogModuleManager: Shutting down and abandoning module Renderer (18)
[2019.11.09-09.59.01:663][524]LogModuleManager: Shutting down and abandoning module Engine (16)
[2019.11.09-09.59.01:663][524]LogModuleManager: Shutting down and abandoning module CoreUObject (14)
[2019.11.09-09.59.01:663][524]LogModuleManager: Shutting down and abandoning module NetworkFile (12)
[2019.11.09-09.59.01:663][524]LogModuleManager: Shutting down and abandoning module CookedIterativeFile (10)
[2019.11.09-09.59.01:663][524]LogModuleManager: Shutting down and abandoning module StreamingFile (8)
[2019.11.09-09.59.01:663][524]LogModuleManager: Shutting down and abandoning module SandboxFile (6)
[2019.11.09-09.59.01:663][524]LogModuleManager: Shutting down and abandoning module PakFile (4)
[2019.11.09-09.59.01:663][524]LogModuleManager: Shutting down and abandoning module RSA (3)
[2019.11.09-09.59.01:663][524]LogD3D11RHI: Shutdown
[2019.11.09-09.59.01:663][524]LogD3D11RHI: CleanupD3DDevice
[2019.11.09-09.59.01:664][524]LogRendererCore: FGlobalDynamicReadBuffer::Cleanup()
[2019.11.09-09.59.01:664][524]LogRendererCore: FGlobalDynamicReadBuffer::Cleanup()
[2019.11.09-09.59.01:664][524]LogRendererCore: FGlobalDynamicReadBuffer::Cleanup()
[2019.11.09-09.59.01:665][524]LogD3D11RHI: ~FD3D11DynamicRHI
[2019.11.09-09.59.01:687][524]LogExit: Exiting.
[2019.11.09-09.59.01:692][524]Log file closed, 11/09/19 10:59:01
